<?xml version="1.0" encoding="UTF-8"?>
<testsuite name="com.shein.SocketServerApplicationTests" time="0.003" tests="1" errors="1" skipped="0" failures="0">
  <properties>
[...]
</properties>
  <testcase name="contextLoads" classname="com.shein.SocketServerApplicationTests" time="0.003">
    <error message="Failed to load ApplicationContext" type="java.lang.IllegalStateException">java.lang.IllegalStateException: Failed to load ApplicationContext
	at org.springframework.test.context.cache.DefaultCacheAwareContextLoaderDelegate.loadContext(DefaultCacheAwareContextLoaderDelegate.java:124)
	at org.springframework.test.context.support.DefaultTestContext.getApplicationContext(DefaultTestContext.java:83)
	at org.springframework.test.context.support.DependencyInjectionTestExecutionListener.injectDependencies(DependencyInjectionTestExecutionListener.java:117)
	at org.springframework.test.context.support.DependencyInjectionTestExecutionListener.prepareTestInstance(DependencyInjectionTestExecutionListener.java:83)
	at org.springframework.boot.test.autoconfigure.SpringBootDependencyInjectionTestExecutionListener.prepareTestInstance(SpringBootDependencyInjectionTestExecutionListener.java:44)
	at org.springframework.test.context.TestContextManager.prepareTestInstance(TestContextManager.java:230)
	at org.springframework.test.context.junit4.SpringJUnit4ClassRunner.createTest(SpringJUnit4ClassRunner.java:228)
	at org.springframework.test.context.junit4.SpringJUnit4ClassRunner$1.runReflectiveCall(SpringJUnit4ClassRunner.java:287)
	at org.junit.internal.runners.model.ReflectiveCallable.run(ReflectiveCallable.java:12)
	at org.springframework.test.context.junit4.SpringJUnit4ClassRunner.methodBlock(SpringJUnit4ClassRunner.java:289)
	at org.springframework.test.context.junit4.SpringJUnit4ClassRunner.runChild(SpringJUnit4ClassRunner.java:247)
	at org.springframework.test.context.junit4.SpringJUnit4ClassRunner.runChild(SpringJUnit4ClassRunner.java:94)
	at org.junit.runners.ParentRunner$3.run(ParentRunner.java:290)
	at org.junit.runners.ParentRunner$1.schedule(ParentRunner.java:71)
	at org.junit.runners.ParentRunner.runChildren(ParentRunner.java:288)
	at org.junit.runners.ParentRunner.access$000(ParentRunner.java:58)
	at org.junit.runners.ParentRunner$2.evaluate(ParentRunner.java:268)
	at org.springframework.test.context.junit4.statements.RunBeforeTestClassCallbacks.evaluate(RunBeforeTestClassCallbacks.java:61)
	at org.springframework.test.context.junit4.statements.RunAfterTestClassCallbacks.evaluate(RunAfterTestClassCallbacks.java:70)
	at org.junit.runners.ParentRunner.run(ParentRunner.java:363)
	at org.springframework.test.context.junit4.SpringJUnit4ClassRunner.run(SpringJUnit4ClassRunner.java:191)
	at org.apache.maven.surefire.junit4.JUnit4Provider.execute(JUnit4Provider.java:283)
	at org.apache.maven.surefire.junit4.JUnit4Provider.executeWithRerun(JUnit4Provider.java:173)
	at org.apache.maven.surefire.junit4.JUnit4Provider.executeTestSet(JUnit4Provider.java:153)
	at org.apache.maven.surefire.junit4.JUnit4Provider.invoke(JUnit4Provider.java:128)
	at org.apache.maven.surefire.booter.ForkedBooter.invokeProviderInSameClassLoader(ForkedBooter.java:203)
	at org.apache.maven.surefire.booter.ForkedBooter.runSuitesInProcess(ForkedBooter.java:155)
	at org.apache.maven.surefire.booter.ForkedBooter.main(ForkedBooter.java:103)
Caused by: java.lang.IllegalStateException: Failed to execute CommandLineRunner
	at org.springframework.boot.SpringApplication.callRunner(SpringApplication.java:735)
	at org.springframework.boot.SpringApplication.callRunners(SpringApplication.java:716)
	at org.springframework.boot.SpringApplication.afterRefresh(SpringApplication.java:703)
	at org.springframework.boot.SpringApplication.run(SpringApplication.java:304)
	at org.springframework.boot.test.context.SpringBootContextLoader.loadContext(SpringBootContextLoader.java:121)
	at org.springframework.test.context.cache.DefaultCacheAwareContextLoaderDelegate.loadContextInternal(DefaultCacheAwareContextLoaderDelegate.java:98)
	at org.springframework.test.context.cache.DefaultCacheAwareContextLoaderDelegate.loadContext(DefaultCacheAwareContextLoaderDelegate.java:116)
	at org.springframework.test.context.support.DefaultTestContext.getApplicationContext(DefaultTestContext.java:83)
	at org.springframework.test.context.support.DependencyInjectionTestExecutionListener.injectDependencies(DependencyInjectionTestExecutionListener.java:117)
	at org.springframework.test.context.support.DependencyInjectionTestExecutionListener.prepareTestInstance(DependencyInjectionTestExecutionListener.java:83)
	at org.springframework.boot.test.autoconfigure.SpringBootDependencyInjectionTestExecutionListener.prepareTestInstance(SpringBootDependencyInjectionTestExecutionListener.java:44)
	at org.springframework.test.context.TestContextManager.prepareTestInstance(TestContextManager.java:230)
	at org.springframework.test.context.junit4.SpringJUnit4ClassRunner.createTest(SpringJUnit4ClassRunner.java:228)
	at org.springframework.test.context.junit4.SpringJUnit4ClassRunner$1.runReflectiveCall(SpringJUnit4ClassRunner.java:287)
	at org.junit.internal.runners.model.ReflectiveCallable.run(ReflectiveCallable.java:12)
	at org.springframework.test.context.junit4.SpringJUnit4ClassRunner.methodBlock(SpringJUnit4ClassRunner.java:289)
	at org.springframework.test.context.junit4.SpringJUnit4ClassRunner.runChild(SpringJUnit4ClassRunner.java:247)
	at org.springframework.test.context.junit4.SpringJUnit4ClassRunner.runChild(SpringJUnit4ClassRunner.java:94)
	at org.junit.runners.ParentRunner$3.run(ParentRunner.java:290)
	at org.junit.runners.ParentRunner$1.schedule(ParentRunner.java:71)
	at org.junit.runners.ParentRunner.runChildren(ParentRunner.java:288)
	at org.junit.runners.ParentRunner.access$000(ParentRunner.java:58)
	at org.junit.runners.ParentRunner$2.evaluate(ParentRunner.java:268)
	at org.springframework.test.context.junit4.statements.RunBeforeTestClassCallbacks.evaluate(RunBeforeTestClassCallbacks.java:61)
	at org.springframework.test.context.junit4.statements.RunAfterTestClassCallbacks.evaluate(RunAfterTestClassCallbacks.java:70)
	at org.junit.runners.ParentRunner.run(ParentRunner.java:363)
	at org.springframework.test.context.junit4.SpringJUnit4ClassRunner.run(SpringJUnit4ClassRunner.java:191)
	at org.apache.maven.surefire.junit4.JUnit4Provider.execute(JUnit4Provider.java:283)
	at org.apache.maven.surefire.junit4.JUnit4Provider.executeWithRerun(JUnit4Provider.java:173)
	at org.apache.maven.surefire.junit4.JUnit4Provider.executeTestSet(JUnit4Provider.java:153)
	at org.apache.maven.surefire.junit4.JUnit4Provider.invoke(JUnit4Provider.java:128)
	at org.apache.maven.surefire.booter.ForkedBooter.invokeProviderInSameClassLoader(ForkedBooter.java:203)
	at org.apache.maven.surefire.booter.ForkedBooter.runSuitesInProcess(ForkedBooter.java:155)
	at org.apache.maven.surefire.booter.ForkedBooter.main(ForkedBooter.java:103)
Caused by: java.net.BindException: Address already in use: bind
	at sun.nio.ch.Net.bind0(Native Method)
	at sun.nio.ch.Net.bind(Net.java:433)
	at sun.nio.ch.Net.bind(Net.java:425)
	at sun.nio.ch.ServerSocketChannelImpl.bind(ServerSocketChannelImpl.java:223)
	at io.netty.channel.socket.nio.NioServerSocketChannel.doBind(NioServerSocketChannel.java:127)
	at io.netty.channel.AbstractChannel$AbstractUnsafe.bind(AbstractChannel.java:554)
	at io.netty.channel.DefaultChannelPipeline$HeadContext.bind(DefaultChannelPipeline.java:1258)
	at io.netty.channel.AbstractChannelHandlerContext.invokeBind(AbstractChannelHandlerContext.java:511)
	at io.netty.channel.AbstractChannelHandlerContext.bind(AbstractChannelHandlerContext.java:496)
	at io.netty.channel.DefaultChannelPipeline.bind(DefaultChannelPipeline.java:980)
	at io.netty.channel.AbstractChannel.bind(AbstractChannel.java:250)
	at io.netty.bootstrap.AbstractBootstrap$2.run(AbstractBootstrap.java:363)
	at io.netty.util.concurrent.AbstractEventExecutor.safeExecute(AbstractEventExecutor.java:163)
	at io.netty.util.concurrent.SingleThreadEventExecutor.runAllTasks(SingleThreadEventExecutor.java:418)
	at io.netty.channel.nio.NioEventLoop.run(NioEventLoop.java:440)
	at io.netty.util.concurrent.SingleThreadEventExecutor$5.run(SingleThreadEventExecutor.java:873)
	at io.netty.util.concurrent.DefaultThreadFactory$DefaultRunnableDecorator.run(DefaultThreadFactory.java:144)
	at java.lang.Thread.run(Thread.java:748)
</error>
    <system-out><![CDATA[13:31:02.014 [main] DEBUG org.springframework.test.context.junit4.SpringJUnit4ClassRunner - SpringJUnit4ClassRunner constructor called with [class com.shein.SocketServerApplicationTests]
13:31:02.018 [main] DEBUG org.springframework.test.context.BootstrapUtils - Instantiating CacheAwareContextLoaderDelegate from class [org.springframework.test.context.cache.DefaultCacheAwareContextLoaderDelegate]
13:31:02.024 [main] DEBUG org.springframework.test.context.BootstrapUtils - Instantiating BootstrapContext using constructor [public org.springframework.test.context.support.DefaultBootstrapContext(java.lang.Class,org.springframework.test.context.CacheAwareContextLoaderDelegate)]
13:31:02.037 [main] DEBUG org.springframework.test.context.BootstrapUtils - Instantiating TestContextBootstrapper for test class [com.shein.SocketServerApplicationTests] from class [org.springframework.boot.test.context.SpringBootTestContextBootstrapper]
13:31:02.048 [main] INFO org.springframework.boot.test.context.SpringBootTestContextBootstrapper - Neither @ContextConfiguration nor @ContextHierarchy found for test class [com.shein.SocketServerApplicationTests], using SpringBootContextLoader
13:31:02.050 [main] DEBUG org.springframework.test.context.support.AbstractContextLoader - Did not detect default resource location for test class [com.shein.SocketServerApplicationTests]: class path resource [com/shein/SocketServerApplicationTests-context.xml] does not exist
13:31:02.050 [main] DEBUG org.springframework.test.context.support.AbstractContextLoader - Did not detect default resource location for test class [com.shein.SocketServerApplicationTests]: class path resource [com/shein/SocketServerApplicationTestsContext.groovy] does not exist
13:31:02.050 [main] INFO org.springframework.test.context.support.AbstractContextLoader - Could not detect default resource locations for test class [com.shein.SocketServerApplicationTests]: no resource found for suffixes {-context.xml, Context.groovy}.
13:31:02.051 [main] INFO org.springframework.test.context.support.AnnotationConfigContextLoaderUtils - Could not detect default configuration classes for test class [com.shein.SocketServerApplicationTests]: SocketServerApplicationTests does not declare any static, non-private, non-final, nested classes annotated with @Configuration.
13:31:02.072 [main] DEBUG org.springframework.test.context.support.ActiveProfilesUtils - Could not find an 'annotation declaring class' for annotation type [org.springframework.test.context.ActiveProfiles] and class [com.shein.SocketServerApplicationTests]
13:31:02.077 [main] DEBUG org.springframework.core.env.StandardEnvironment - Adding PropertySource 'systemProperties' with lowest search precedence
13:31:02.078 [main] DEBUG org.springframework.core.env.StandardEnvironment - Adding PropertySource 'systemEnvironment' with lowest search precedence
13:31:02.079 [main] DEBUG org.springframework.core.env.StandardEnvironment - Initialized StandardEnvironment with PropertySources [MapPropertySource@553871028 {name='systemProperties', properties={idea.version=2017.1.2, java.runtime.name=Java(TM) SE Runtime Environment, sun.boot.library.path=C:\Program Files\Java\jdk1.8.0_191\jre\bin, java.vm.version=25.191-b12, java.vm.vendor=Oracle Corporation, java.vendor.url=http://java.oracle.com/, path.separator=;, java.vm.name=Java HotSpot(TM) 64-Bit Server VM, file.encoding.pkg=sun.io, user.country=CN, user.script=, sun.java.launcher=SUN_STANDARD, sun.os.patch.level=, java.vm.specification.name=Java Virtual Machine Specification, user.dir=D:\idea_workspace\websocket-demo\socket-server, java.runtime.version=1.8.0_191-b12, basedir=D:\idea_workspace\websocket-demo\socket-server, java.awt.graphicsenv=sun.awt.Win32GraphicsEnvironment, java.endorsed.dirs=C:\Program Files\Java\jdk1.8.0_191\jre\lib\endorsed, os.arch=amd64, surefire.real.class.path=D:\idea_workspace\websocket-demo\socket-server\target\surefire\surefirebooter4428959537798795896.jar, java.io.tmpdir=C:\Users\dell\AppData\Local\Temp\, line.separator=
, java.vm.specification.vendor=Oracle Corporation, user.variant=, os.name=Windows 10, sun.jnu.encoding=GBK, java.library.path=C:\Program Files\Java\jdk1.8.0_191\jre\bin;C:\Windows\Sun\Java\bin;C:\Windows\system32;C:\Windows;C:\Program Files (x86)\Intel\Intel(R) Management Engine Components\iCLS\;C:\Program Files\Intel\Intel(R) Management Engine Components\iCLS\;C:\Windows\system32;C:\Windows;C:\Windows\System32\Wbem;C:\Windows\System32\WindowsPowerShell\v1.0\;C:\Windows\System32\OpenSSH\;C:\Program Files (x86)\Intel\Intel(R) Management Engine Components\DAL;C:\Program Files\Intel\Intel(R) Management Engine Components\DAL;C:\Program Files (x86)\Intel\Intel(R) Management Engine Components\IPT;C:\Program Files\Intel\Intel(R) Management Engine Components\IPT;C:\Program Files\Java\jdk1.8.0_191\bin;C:\Program Files\Java\jdk1.8.0_191\jre\bin;C:\Program Files (x86)\Common Files\Oracle\Java\javapath;D:\git\Git\cmd;D:\sdk\android-sdk-windows\tools;C:\Users\dell\AppData\Local\Microsoft\WindowsApps;;., surefire.test.class.path=D:\idea_workspace\websocket-demo\socket-server\target\test-classes;D:\idea_workspace\websocket-demo\socket-server\target\classes;E:\soft_dev\apache-maven-3.2.3\repo\org\springframework\boot\spring-boot-starter\1.5.17.RELEASE\spring-boot-starter-1.5.17.RELEASE.jar;E:\soft_dev\apache-maven-3.2.3\repo\org\springframework\boot\spring-boot\1.5.17.RELEASE\spring-boot-1.5.17.RELEASE.jar;E:\soft_dev\apache-maven-3.2.3\repo\org\springframework\spring-core\4.3.20.RELEASE\spring-core-4.3.20.RELEASE.jar;E:\soft_dev\apache-maven-3.2.3\repo\org\springframework\spring-context\4.3.20.RELEASE\spring-context-4.3.20.RELEASE.jar;E:\soft_dev\apache-maven-3.2.3\repo\org\springframework\spring-aop\4.3.20.RELEASE\spring-aop-4.3.20.RELEASE.jar;E:\soft_dev\apache-maven-3.2.3\repo\org\springframework\spring-beans\4.3.20.RELEASE\spring-beans-4.3.20.RELEASE.jar;E:\soft_dev\apache-maven-3.2.3\repo\org\springframework\spring-expression\4.3.20.RELEASE\spring-expression-4.3.20.RELEASE.jar;E:\soft_dev\apache-maven-3.2.3\repo\org\springframework\boot\spring-boot-autoconfigure\1.5.17.RELEASE\spring-boot-autoconfigure-1.5.17.RELEASE.jar;E:\soft_dev\apache-maven-3.2.3\repo\org\springframework\boot\spring-boot-starter-logging\1.5.17.RELEASE\spring-boot-starter-logging-1.5.17.RELEASE.jar;E:\soft_dev\apache-maven-3.2.3\repo\ch\qos\logback\logback-classic\1.1.11\logback-classic-1.1.11.jar;E:\soft_dev\apache-maven-3.2.3\repo\ch\qos\logback\logback-core\1.1.11\logback-core-1.1.11.jar;E:\soft_dev\apache-maven-3.2.3\repo\org\slf4j\slf4j-api\1.7.25\slf4j-api-1.7.25.jar;E:\soft_dev\apache-maven-3.2.3\repo\org\slf4j\jcl-over-slf4j\1.7.25\jcl-over-slf4j-1.7.25.jar;E:\soft_dev\apache-maven-3.2.3\repo\org\slf4j\jul-to-slf4j\1.7.25\jul-to-slf4j-1.7.25.jar;E:\soft_dev\apache-maven-3.2.3\repo\org\slf4j\log4j-over-slf4j\1.7.25\log4j-over-slf4j-1.7.25.jar;E:\soft_dev\apache-maven-3.2.3\repo\org\yaml\snakeyaml\1.17\snakeyaml-1.17.jar;E:\soft_dev\apache-maven-3.2.3\repo\org\springframework\boot\spring-boot-starter-test\1.5.17.RELEASE\spring-boot-starter-test-1.5.17.RELEASE.jar;E:\soft_dev\apache-maven-3.2.3\repo\org\springframework\boot\spring-boot-test\1.5.17.RELEASE\spring-boot-test-1.5.17.RELEASE.jar;E:\soft_dev\apache-maven-3.2.3\repo\org\springframework\boot\spring-boot-test-autoconfigure\1.5.17.RELEASE\spring-boot-test-autoconfigure-1.5.17.RELEASE.jar;E:\soft_dev\apache-maven-3.2.3\repo\com\jayway\jsonpath\json-path\2.2.0\json-path-2.2.0.jar;E:\soft_dev\apache-maven-3.2.3\repo\net\minidev\json-smart\2.2.1\json-smart-2.2.1.jar;E:\soft_dev\apache-maven-3.2.3\repo\net\minidev\accessors-smart\1.1\accessors-smart-1.1.jar;E:\soft_dev\apache-maven-3.2.3\repo\org\ow2\asm\asm\5.0.3\asm-5.0.3.jar;E:\soft_dev\apache-maven-3.2.3\repo\junit\junit\4.12\junit-4.12.jar;E:\soft_dev\apache-maven-3.2.3\repo\org\hamcrest\hamcrest-core\1.3\hamcrest-core-1.3.jar;E:\soft_dev\apache-maven-3.2.3\repo\org\assertj\assertj-core\2.6.0\assertj-core-2.6.0.jar;E:\soft_dev\apache-maven-3.2.3\repo\org\mockito\mockito-core\1.10.19\mockito-core-1.10.19.jar;E:\soft_dev\apache-maven-3.2.3\repo\org\objenesis\objenesis\2.1\objenesis-2.1.jar;E:\soft_dev\apache-maven-3.2.3\repo\org\hamcrest\hamcrest-library\1.3\hamcrest-library-1.3.jar;E:\soft_dev\apache-maven-3.2.3\repo\org\skyscreamer\jsonassert\1.4.0\jsonassert-1.4.0.jar;E:\soft_dev\apache-maven-3.2.3\repo\com\vaadin\external\google\android-json\0.0.20131108.vaadin1\android-json-0.0.20131108.vaadin1.jar;E:\soft_dev\apache-maven-3.2.3\repo\org\springframework\spring-test\4.3.20.RELEASE\spring-test-4.3.20.RELEASE.jar;E:\soft_dev\apache-maven-3.2.3\repo\io\netty\netty-all\4.1.5.Final\netty-all-4.1.5.Final.jar;E:\soft_dev\apache-maven-3.2.3\repo\org\projectlombok\lombok\1.16.18\lombok-1.16.18.jar;E:\soft_dev\apache-maven-3.2.3\repo\io\protostuff\protostuff-core\1.4.0\protostuff-core-1.4.0.jar;E:\soft_dev\apache-maven-3.2.3\repo\io\protostuff\protostuff-api\1.4.0\protostuff-api-1.4.0.jar;E:\soft_dev\apache-maven-3.2.3\repo\io\protostuff\protostuff-runtime\1.4.0\protostuff-runtime-1.4.0.jar;E:\soft_dev\apache-maven-3.2.3\repo\io\protostuff\protostuff-collectionschema\1.4.0\protostuff-collectionschema-1.4.0.jar;, java.specification.name=Java Platform API Specification, java.class.version=52.0, sun.management.compiler=HotSpot 64-Bit Tiered Compilers, maven.repo.local=E:\soft_dev\apache-maven-3.2.3\repo, os.version=10.0, user.home=C:\Users\dell, user.timezone=Asia/Shanghai, java.awt.printerjob=sun.awt.windows.WPrinterJob, file.encoding=GBK, java.specification.version=1.8, java.class.path=D:\idea_workspace\websocket-demo\socket-server\target\test-classes;D:\idea_workspace\websocket-demo\socket-server\target\classes;E:\soft_dev\apache-maven-3.2.3\repo\org\springframework\boot\spring-boot-starter\1.5.17.RELEASE\spring-boot-starter-1.5.17.RELEASE.jar;E:\soft_dev\apache-maven-3.2.3\repo\org\springframework\boot\spring-boot\1.5.17.RELEASE\spring-boot-1.5.17.RELEASE.jar;E:\soft_dev\apache-maven-3.2.3\repo\org\springframework\spring-core\4.3.20.RELEASE\spring-core-4.3.20.RELEASE.jar;E:\soft_dev\apache-maven-3.2.3\repo\org\springframework\spring-context\4.3.20.RELEASE\spring-context-4.3.20.RELEASE.jar;E:\soft_dev\apache-maven-3.2.3\repo\org\springframework\spring-aop\4.3.20.RELEASE\spring-aop-4.3.20.RELEASE.jar;E:\soft_dev\apache-maven-3.2.3\repo\org\springframework\spring-beans\4.3.20.RELEASE\spring-beans-4.3.20.RELEASE.jar;E:\soft_dev\apache-maven-3.2.3\repo\org\springframework\spring-expression\4.3.20.RELEASE\spring-expression-4.3.20.RELEASE.jar;E:\soft_dev\apache-maven-3.2.3\repo\org\springframework\boot\spring-boot-autoconfigure\1.5.17.RELEASE\spring-boot-autoconfigure-1.5.17.RELEASE.jar;E:\soft_dev\apache-maven-3.2.3\repo\org\springframework\boot\spring-boot-starter-logging\1.5.17.RELEASE\spring-boot-starter-logging-1.5.17.RELEASE.jar;E:\soft_dev\apache-maven-3.2.3\repo\ch\qos\logback\logback-classic\1.1.11\logback-classic-1.1.11.jar;E:\soft_dev\apache-maven-3.2.3\repo\ch\qos\logback\logback-core\1.1.11\logback-core-1.1.11.jar;E:\soft_dev\apache-maven-3.2.3\repo\org\slf4j\slf4j-api\1.7.25\slf4j-api-1.7.25.jar;E:\soft_dev\apache-maven-3.2.3\repo\org\slf4j\jcl-over-slf4j\1.7.25\jcl-over-slf4j-1.7.25.jar;E:\soft_dev\apache-maven-3.2.3\repo\org\slf4j\jul-to-slf4j\1.7.25\jul-to-slf4j-1.7.25.jar;E:\soft_dev\apache-maven-3.2.3\repo\org\slf4j\log4j-over-slf4j\1.7.25\log4j-over-slf4j-1.7.25.jar;E:\soft_dev\apache-maven-3.2.3\repo\org\yaml\snakeyaml\1.17\snakeyaml-1.17.jar;E:\soft_dev\apache-maven-3.2.3\repo\org\springframework\boot\spring-boot-starter-test\1.5.17.RELEASE\spring-boot-starter-test-1.5.17.RELEASE.jar;E:\soft_dev\apache-maven-3.2.3\repo\org\springframework\boot\spring-boot-test\1.5.17.RELEASE\spring-boot-test-1.5.17.RELEASE.jar;E:\soft_dev\apache-maven-3.2.3\repo\org\springframework\boot\spring-boot-test-autoconfigure\1.5.17.RELEASE\spring-boot-test-autoconfigure-1.5.17.RELEASE.jar;E:\soft_dev\apache-maven-3.2.3\repo\com\jayway\jsonpath\json-path\2.2.0\json-path-2.2.0.jar;E:\soft_dev\apache-maven-3.2.3\repo\net\minidev\json-smart\2.2.1\json-smart-2.2.1.jar;E:\soft_dev\apache-maven-3.2.3\repo\net\minidev\accessors-smart\1.1\accessors-smart-1.1.jar;E:\soft_dev\apache-maven-3.2.3\repo\org\ow2\asm\asm\5.0.3\asm-5.0.3.jar;E:\soft_dev\apache-maven-3.2.3\repo\junit\junit\4.12\junit-4.12.jar;E:\soft_dev\apache-maven-3.2.3\repo\org\hamcrest\hamcrest-core\1.3\hamcrest-core-1.3.jar;E:\soft_dev\apache-maven-3.2.3\repo\org\assertj\assertj-core\2.6.0\assertj-core-2.6.0.jar;E:\soft_dev\apache-maven-3.2.3\repo\org\mockito\mockito-core\1.10.19\mockito-core-1.10.19.jar;E:\soft_dev\apache-maven-3.2.3\repo\org\objenesis\objenesis\2.1\objenesis-2.1.jar;E:\soft_dev\apache-maven-3.2.3\repo\org\hamcrest\hamcrest-library\1.3\hamcrest-library-1.3.jar;E:\soft_dev\apache-maven-3.2.3\repo\org\skyscreamer\jsonassert\1.4.0\jsonassert-1.4.0.jar;E:\soft_dev\apache-maven-3.2.3\repo\com\vaadin\external\google\android-json\0.0.20131108.vaadin1\android-json-0.0.20131108.vaadin1.jar;E:\soft_dev\apache-maven-3.2.3\repo\org\springframework\spring-test\4.3.20.RELEASE\spring-test-4.3.20.RELEASE.jar;E:\soft_dev\apache-maven-3.2.3\repo\io\netty\netty-all\4.1.5.Final\netty-all-4.1.5.Final.jar;E:\soft_dev\apache-maven-3.2.3\repo\org\projectlombok\lombok\1.16.18\lombok-1.16.18.jar;E:\soft_dev\apache-maven-3.2.3\repo\io\protostuff\protostuff-core\1.4.0\protostuff-core-1.4.0.jar;E:\soft_dev\apache-maven-3.2.3\repo\io\protostuff\protostuff-api\1.4.0\protostuff-api-1.4.0.jar;E:\soft_dev\apache-maven-3.2.3\repo\io\protostuff\protostuff-runtime\1.4.0\protostuff-runtime-1.4.0.jar;E:\soft_dev\apache-maven-3.2.3\repo\io\protostuff\protostuff-collectionschema\1.4.0\protostuff-collectionschema-1.4.0.jar;, user.name=dell, java.vm.specification.version=1.8, sun.java.command=D:\idea_workspace\websocket-demo\socket-server\target\surefire\surefirebooter4428959537798795896.jar D:\idea_workspace\websocket-demo\socket-server\target\surefire\surefire118430837442139045tmp D:\idea_workspace\websocket-demo\socket-server\target\surefire\surefire_0795935741651210869tmp, java.home=C:\Program Files\Java\jdk1.8.0_191\jre, sun.arch.data.model=64, user.language=zh, java.specification.vendor=Oracle Corporation, awt.toolkit=sun.awt.windows.WToolkit, java.vm.info=mixed mode, java.version=1.8.0_191, java.ext.dirs=C:\Program Files\Java\jdk1.8.0_191\jre\lib\ext;C:\Windows\Sun\Java\lib\ext, sun.boot.class.path=C:\Program Files\Java\jdk1.8.0_191\jre\lib\resources.jar;C:\Program Files\Java\jdk1.8.0_191\jre\lib\rt.jar;C:\Program Files\Java\jdk1.8.0_191\jre\lib\sunrsasign.jar;C:\Program Files\Java\jdk1.8.0_191\jre\lib\jsse.jar;C:\Program Files\Java\jdk1.8.0_191\jre\lib\jce.jar;C:\Program Files\Java\jdk1.8.0_191\jre\lib\charsets.jar;C:\Program Files\Java\jdk1.8.0_191\jre\lib\jfr.jar;C:\Program Files\Java\jdk1.8.0_191\jre\classes, java.vendor=Oracle Corporation, localRepository=E:\soft_dev\apache-maven-3.2.3\repo, file.separator=\, java.vendor.url.bug=http://bugreport.sun.com/bugreport/, sun.io.unicode.encoding=UnicodeLittle, sun.cpu.endian=little, sun.desktop=windows, sun.cpu.isalist=amd64}}, SystemEnvironmentPropertySource@250370634 {name='systemEnvironment', properties={PATH=C:\Program Files (x86)\Intel\Intel(R) Management Engine Components\iCLS\;C:\Program Files\Intel\Intel(R) Management Engine Components\iCLS\;C:\Windows\system32;C:\Windows;C:\Windows\System32\Wbem;C:\Windows\System32\WindowsPowerShell\v1.0\;C:\Windows\System32\OpenSSH\;C:\Program Files (x86)\Intel\Intel(R) Management Engine Components\DAL;C:\Program Files\Intel\Intel(R) Management Engine Components\DAL;C:\Program Files (x86)\Intel\Intel(R) Management Engine Components\IPT;C:\Program Files\Intel\Intel(R) Management Engine Components\IPT;C:\Program Files\Java\jdk1.8.0_191\bin;C:\Program Files\Java\jdk1.8.0_191\jre\bin;C:\Program Files (x86)\Common Files\Oracle\Java\javapath;D:\git\Git\cmd;D:\sdk\android-sdk-windows\tools;C:\Users\dell\AppData\Local\Microsoft\WindowsApps;, USERDOMAIN_ROAMINGPROFILE=DESKTOP-CMNM7QE, LOCALAPPDATA=C:\Users\dell\AppData\Local, PROCESSOR_LEVEL=6, SYSTEMDRIVE=C:, COMMONPROGRAMFILES(X86)=C:\Program Files (x86)\Common Files, USERDOMAIN=DESKTOP-CMNM7QE, LOGONSERVER=\\DESKTOP-CMNM7QE, JAVA_HOME=C:\Program Files\Java\jdk1.8.0_191, PROMPT=$P$G, SESSIONNAME=Console, ALLUSERSPROFILE=C:\ProgramData, PROGRAMFILES(X86)=C:\Program Files (x86), PROCESSOR_ARCHITECTURE=AMD64, DRIVERDATA=C:\Windows\System32\Drivers\DriverData, PROGRAMFILES=C:\Program Files, APPDATA=C:\Users\dell\AppData\Roaming, PSMODULEPATH=C:\Program Files\WindowsPowerShell\Modules;C:\Windows\system32\WindowsPowerShell\v1.0\Modules, PROGRAMW6432=C:\Program Files, PROGRAMDATA=C:\ProgramData, SYSTEMROOT=C:\Windows, USERNAME=dell, ONEDRIVE=C:\Users\dell\OneDrive, PATHEXT=.COM;.EXE;.BAT;.CMD;.VBS;.VBE;.JS;.JSE;.WSF;.WSH;.MSC, OS=Windows_NT, SDK_HOME=D:\sdk\android-sdk-windows, COMMONPROGRAMW6432=C:\Program Files\Common Files, COMPUTERNAME=DESKTOP-CMNM7QE, COMMONPROGRAMFILES=C:\Program Files\Common Files, COMSPEC=C:\Windows\system32\cmd.exe, PROCESSOR_REVISION=9e0a, CLASSPATH=C:\Program Files\Java\jdk1.8.0_191\lib;C:\Program Files\Java\jdk1.8.0_191\lib\tools.jar, WINDIR=C:\Windows, =D:=D:\idea_workspace\websocket-demo\socket-server, HOMEPATH=\Users\dell, TEMP=C:\Users\dell\AppData\Local\Temp, HOMEDRIVE=C:, PROCESSOR_IDENTIFIER=Intel64 Family 6 Model 158 Stepping 10, GenuineIntel, USERPROFILE=C:\Users\dell, TMP=C:\Users\dell\AppData\Local\Temp, PUBLIC=C:\Users\Public, NUMBER_OF_PROCESSORS=6, =::=::\}}]
13:31:02.087 [main] DEBUG org.springframework.core.io.support.PathMatchingResourcePatternResolver - Resolved classpath location [com/shein/] to resources [URL [file:/D:/idea_workspace/websocket-demo/socket-server/target/test-classes/com/shein/], URL [file:/D:/idea_workspace/websocket-demo/socket-server/target/classes/com/shein/]]
13:31:02.087 [main] DEBUG org.springframework.core.io.support.PathMatchingResourcePatternResolver - Looking for matching resources in directory tree [D:\idea_workspace\websocket-demo\socket-server\target\test-classes\com\shein]
13:31:02.087 [main] DEBUG org.springframework.core.io.support.PathMatchingResourcePatternResolver - Searching directory [D:\idea_workspace\websocket-demo\socket-server\target\test-classes\com\shein] for files matching pattern [D:/idea_workspace/websocket-demo/socket-server/target/test-classes/com/shein/*.class]
13:31:02.089 [main] DEBUG org.springframework.core.io.support.PathMatchingResourcePatternResolver - Looking for matching resources in directory tree [D:\idea_workspace\websocket-demo\socket-server\target\classes\com\shein]
13:31:02.089 [main] DEBUG org.springframework.core.io.support.PathMatchingResourcePatternResolver - Searching directory [D:\idea_workspace\websocket-demo\socket-server\target\classes\com\shein] for files matching pattern [D:/idea_workspace/websocket-demo/socket-server/target/classes/com/shein/*.class]
13:31:02.090 [main] DEBUG org.springframework.core.io.support.PathMatchingResourcePatternResolver - Resolved location pattern [classpath*:com/shein/*.class] to resources [file [D:\idea_workspace\websocket-demo\socket-server\target\test-classes\com\shein\SocketServerApplicationTests.class], file [D:\idea_workspace\websocket-demo\socket-server\target\classes\com\shein\SocketServerApplication.class]]
13:31:02.120 [main] DEBUG org.springframework.context.annotation.ClassPathScanningCandidateComponentProvider - Identified candidate component class: file [D:\idea_workspace\websocket-demo\socket-server\target\classes\com\shein\SocketServerApplication.class]
13:31:02.121 [main] INFO org.springframework.boot.test.context.SpringBootTestContextBootstrapper - Found @SpringBootConfiguration com.shein.SocketServerApplication for test class com.shein.SocketServerApplicationTests
13:31:02.123 [main] DEBUG org.springframework.boot.test.context.SpringBootTestContextBootstrapper - @TestExecutionListeners is not present for class [com.shein.SocketServerApplicationTests]: using defaults.
13:31:02.125 [main] INFO org.springframework.boot.test.context.SpringBootTestContextBootstrapper - Loaded default TestExecutionListener class names from location [META-INF/spring.factories]: [org.springframework.boot.test.mock.mockito.MockitoTestExecutionListener, org.springframework.boot.test.mock.mockito.ResetMocksTestExecutionListener, org.springframework.boot.test.autoconfigure.restdocs.RestDocsTestExecutionListener, org.springframework.boot.test.autoconfigure.web.client.MockRestServiceServerResetTestExecutionListener, org.springframework.boot.test.autoconfigure.web.servlet.MockMvcPrintOnlyOnFailureTestExecutionListener, org.springframework.boot.test.autoconfigure.web.servlet.WebDriverTestExecutionListener, org.springframework.test.context.web.ServletTestExecutionListener, org.springframework.test.context.support.DirtiesContextBeforeModesTestExecutionListener, org.springframework.test.context.support.DependencyInjectionTestExecutionListener, org.springframework.test.context.support.DirtiesContextTestExecutionListener, org.springframework.test.context.transaction.TransactionalTestExecutionListener, org.springframework.test.context.jdbc.SqlScriptsTestExecutionListener]
13:31:02.132 [main] DEBUG org.springframework.boot.test.context.SpringBootTestContextBootstrapper - Could not instantiate TestExecutionListener [org.springframework.test.context.web.ServletTestExecutionListener]. Specify custom listener classes or make the default listener classes (and their required dependencies) available. Offending class: [javax/servlet/ServletContext]
13:31:02.133 [main] DEBUG org.springframework.boot.test.context.SpringBootTestContextBootstrapper - Could not instantiate TestExecutionListener [org.springframework.test.context.transaction.TransactionalTestExecutionListener]. Specify custom listener classes or make the default listener classes (and their required dependencies) available. Offending class: [org/springframework/transaction/interceptor/TransactionAttributeSource]
13:31:02.134 [main] DEBUG org.springframework.boot.test.context.SpringBootTestContextBootstrapper - Could not instantiate TestExecutionListener [org.springframework.test.context.jdbc.SqlScriptsTestExecutionListener]. Specify custom listener classes or make the default listener classes (and their required dependencies) available. Offending class: [org/springframework/transaction/interceptor/TransactionAttribute]
13:31:02.134 [main] INFO org.springframework.boot.test.context.SpringBootTestContextBootstrapper - Using TestExecutionListeners: [org.springframework.test.context.support.DirtiesContextBeforeModesTestExecutionListener@1990a65e, org.springframework.boot.test.mock.mockito.MockitoTestExecutionListener@64485a47, org.springframework.boot.test.autoconfigure.SpringBootDependencyInjectionTestExecutionListener@25bbf683, org.springframework.test.context.support.DirtiesContextTestExecutionListener@6ec8211c, org.springframework.boot.test.mock.mockito.ResetMocksTestExecutionListener@7276c8cd, org.springframework.boot.test.autoconfigure.restdocs.RestDocsTestExecutionListener@544a2ea6, org.springframework.boot.test.autoconfigure.web.client.MockRestServiceServerResetTestExecutionListener@2e3fc542, org.springframework.boot.test.autoconfigure.web.servlet.MockMvcPrintOnlyOnFailureTestExecutionListener@150c158, org.springframework.boot.test.autoconfigure.web.servlet.WebDriverTestExecutionListener@4524411f]
13:31:02.135 [main] DEBUG org.springframework.test.annotation.ProfileValueUtils - Retrieved @ProfileValueSourceConfiguration [null] for test class [com.shein.SocketServerApplicationTests]
13:31:02.136 [main] DEBUG org.springframework.test.annotation.ProfileValueUtils - Retrieved ProfileValueSource type [class org.springframework.test.annotation.SystemProfileValueSource] for class [com.shein.SocketServerApplicationTests]
13:31:02.137 [main] DEBUG org.springframework.test.context.junit4.SpringJUnit4ClassRunner - SpringJUnit4ClassRunner constructor called with [class com.shein.SocketServerApplicationTests]
13:31:02.137 [main] DEBUG org.springframework.test.context.BootstrapUtils - Instantiating CacheAwareContextLoaderDelegate from class [org.springframework.test.context.cache.DefaultCacheAwareContextLoaderDelegate]
13:31:02.137 [main] DEBUG org.springframework.test.context.BootstrapUtils - Instantiating BootstrapContext using constructor [public org.springframework.test.context.support.DefaultBootstrapContext(java.lang.Class,org.springframework.test.context.CacheAwareContextLoaderDelegate)]
13:31:02.138 [main] DEBUG org.springframework.test.context.BootstrapUtils - Instantiating TestContextBootstrapper for test class [com.shein.SocketServerApplicationTests] from class [org.springframework.boot.test.context.SpringBootTestContextBootstrapper]
13:31:02.138 [main] INFO org.springframework.boot.test.context.SpringBootTestContextBootstrapper - Neither @ContextConfiguration nor @ContextHierarchy found for test class [com.shein.SocketServerApplicationTests], using SpringBootContextLoader
13:31:02.138 [main] DEBUG org.springframework.test.context.support.AbstractContextLoader - Did not detect default resource location for test class [com.shein.SocketServerApplicationTests]: class path resource [com/shein/SocketServerApplicationTests-context.xml] does not exist
13:31:02.138 [main] DEBUG org.springframework.test.context.support.AbstractContextLoader - Did not detect default resource location for test class [com.shein.SocketServerApplicationTests]: class path resource [com/shein/SocketServerApplicationTestsContext.groovy] does not exist
13:31:02.138 [main] INFO org.springframework.test.context.support.AbstractContextLoader - Could not detect default resource locations for test class [com.shein.SocketServerApplicationTests]: no resource found for suffixes {-context.xml, Context.groovy}.
13:31:02.139 [main] INFO org.springframework.test.context.support.AnnotationConfigContextLoaderUtils - Could not detect default configuration classes for test class [com.shein.SocketServerApplicationTests]: SocketServerApplicationTests does not declare any static, non-private, non-final, nested classes annotated with @Configuration.
13:31:02.142 [main] DEBUG org.springframework.test.context.support.ActiveProfilesUtils - Could not find an 'annotation declaring class' for annotation type [org.springframework.test.context.ActiveProfiles] and class [com.shein.SocketServerApplicationTests]
13:31:02.142 [main] DEBUG org.springframework.core.env.StandardEnvironment - Adding PropertySource 'systemProperties' with lowest search precedence
13:31:02.142 [main] DEBUG org.springframework.core.env.StandardEnvironment - Adding PropertySource 'systemEnvironment' with lowest search precedence
13:31:02.142 [main] DEBUG org.springframework.core.env.StandardEnvironment - Initialized StandardEnvironment with PropertySources [MapPropertySource@838411509 {name='systemProperties', properties={idea.version=2017.1.2, java.runtime.name=Java(TM) SE Runtime Environment, sun.boot.library.path=C:\Program Files\Java\jdk1.8.0_191\jre\bin, java.vm.version=25.191-b12, java.vm.vendor=Oracle Corporation, java.vendor.url=http://java.oracle.com/, path.separator=;, java.vm.name=Java HotSpot(TM) 64-Bit Server VM, file.encoding.pkg=sun.io, user.country=CN, user.script=, sun.java.launcher=SUN_STANDARD, sun.os.patch.level=, java.vm.specification.name=Java Virtual Machine Specification, user.dir=D:\idea_workspace\websocket-demo\socket-server, java.runtime.version=1.8.0_191-b12, basedir=D:\idea_workspace\websocket-demo\socket-server, java.awt.graphicsenv=sun.awt.Win32GraphicsEnvironment, java.endorsed.dirs=C:\Program Files\Java\jdk1.8.0_191\jre\lib\endorsed, os.arch=amd64, surefire.real.class.path=D:\idea_workspace\websocket-demo\socket-server\target\surefire\surefirebooter4428959537798795896.jar, java.io.tmpdir=C:\Users\dell\AppData\Local\Temp\, line.separator=
, java.vm.specification.vendor=Oracle Corporation, user.variant=, os.name=Windows 10, sun.jnu.encoding=GBK, java.library.path=C:\Program Files\Java\jdk1.8.0_191\jre\bin;C:\Windows\Sun\Java\bin;C:\Windows\system32;C:\Windows;C:\Program Files (x86)\Intel\Intel(R) Management Engine Components\iCLS\;C:\Program Files\Intel\Intel(R) Management Engine Components\iCLS\;C:\Windows\system32;C:\Windows;C:\Windows\System32\Wbem;C:\Windows\System32\WindowsPowerShell\v1.0\;C:\Windows\System32\OpenSSH\;C:\Program Files (x86)\Intel\Intel(R) Management Engine Components\DAL;C:\Program Files\Intel\Intel(R) Management Engine Components\DAL;C:\Program Files (x86)\Intel\Intel(R) Management Engine Components\IPT;C:\Program Files\Intel\Intel(R) Management Engine Components\IPT;C:\Program Files\Java\jdk1.8.0_191\bin;C:\Program Files\Java\jdk1.8.0_191\jre\bin;C:\Program Files (x86)\Common Files\Oracle\Java\javapath;D:\git\Git\cmd;D:\sdk\android-sdk-windows\tools;C:\Users\dell\AppData\Local\Microsoft\WindowsApps;;., surefire.test.class.path=D:\idea_workspace\websocket-demo\socket-server\target\test-classes;D:\idea_workspace\websocket-demo\socket-server\target\classes;E:\soft_dev\apache-maven-3.2.3\repo\org\springframework\boot\spring-boot-starter\1.5.17.RELEASE\spring-boot-starter-1.5.17.RELEASE.jar;E:\soft_dev\apache-maven-3.2.3\repo\org\springframework\boot\spring-boot\1.5.17.RELEASE\spring-boot-1.5.17.RELEASE.jar;E:\soft_dev\apache-maven-3.2.3\repo\org\springframework\spring-core\4.3.20.RELEASE\spring-core-4.3.20.RELEASE.jar;E:\soft_dev\apache-maven-3.2.3\repo\org\springframework\spring-context\4.3.20.RELEASE\spring-context-4.3.20.RELEASE.jar;E:\soft_dev\apache-maven-3.2.3\repo\org\springframework\spring-aop\4.3.20.RELEASE\spring-aop-4.3.20.RELEASE.jar;E:\soft_dev\apache-maven-3.2.3\repo\org\springframework\spring-beans\4.3.20.RELEASE\spring-beans-4.3.20.RELEASE.jar;E:\soft_dev\apache-maven-3.2.3\repo\org\springframework\spring-expression\4.3.20.RELEASE\spring-expression-4.3.20.RELEASE.jar;E:\soft_dev\apache-maven-3.2.3\repo\org\springframework\boot\spring-boot-autoconfigure\1.5.17.RELEASE\spring-boot-autoconfigure-1.5.17.RELEASE.jar;E:\soft_dev\apache-maven-3.2.3\repo\org\springframework\boot\spring-boot-starter-logging\1.5.17.RELEASE\spring-boot-starter-logging-1.5.17.RELEASE.jar;E:\soft_dev\apache-maven-3.2.3\repo\ch\qos\logback\logback-classic\1.1.11\logback-classic-1.1.11.jar;E:\soft_dev\apache-maven-3.2.3\repo\ch\qos\logback\logback-core\1.1.11\logback-core-1.1.11.jar;E:\soft_dev\apache-maven-3.2.3\repo\org\slf4j\slf4j-api\1.7.25\slf4j-api-1.7.25.jar;E:\soft_dev\apache-maven-3.2.3\repo\org\slf4j\jcl-over-slf4j\1.7.25\jcl-over-slf4j-1.7.25.jar;E:\soft_dev\apache-maven-3.2.3\repo\org\slf4j\jul-to-slf4j\1.7.25\jul-to-slf4j-1.7.25.jar;E:\soft_dev\apache-maven-3.2.3\repo\org\slf4j\log4j-over-slf4j\1.7.25\log4j-over-slf4j-1.7.25.jar;E:\soft_dev\apache-maven-3.2.3\repo\org\yaml\snakeyaml\1.17\snakeyaml-1.17.jar;E:\soft_dev\apache-maven-3.2.3\repo\org\springframework\boot\spring-boot-starter-test\1.5.17.RELEASE\spring-boot-starter-test-1.5.17.RELEASE.jar;E:\soft_dev\apache-maven-3.2.3\repo\org\springframework\boot\spring-boot-test\1.5.17.RELEASE\spring-boot-test-1.5.17.RELEASE.jar;E:\soft_dev\apache-maven-3.2.3\repo\org\springframework\boot\spring-boot-test-autoconfigure\1.5.17.RELEASE\spring-boot-test-autoconfigure-1.5.17.RELEASE.jar;E:\soft_dev\apache-maven-3.2.3\repo\com\jayway\jsonpath\json-path\2.2.0\json-path-2.2.0.jar;E:\soft_dev\apache-maven-3.2.3\repo\net\minidev\json-smart\2.2.1\json-smart-2.2.1.jar;E:\soft_dev\apache-maven-3.2.3\repo\net\minidev\accessors-smart\1.1\accessors-smart-1.1.jar;E:\soft_dev\apache-maven-3.2.3\repo\org\ow2\asm\asm\5.0.3\asm-5.0.3.jar;E:\soft_dev\apache-maven-3.2.3\repo\junit\junit\4.12\junit-4.12.jar;E:\soft_dev\apache-maven-3.2.3\repo\org\hamcrest\hamcrest-core\1.3\hamcrest-core-1.3.jar;E:\soft_dev\apache-maven-3.2.3\repo\org\assertj\assertj-core\2.6.0\assertj-core-2.6.0.jar;E:\soft_dev\apache-maven-3.2.3\repo\org\mockito\mockito-core\1.10.19\mockito-core-1.10.19.jar;E:\soft_dev\apache-maven-3.2.3\repo\org\objenesis\objenesis\2.1\objenesis-2.1.jar;E:\soft_dev\apache-maven-3.2.3\repo\org\hamcrest\hamcrest-library\1.3\hamcrest-library-1.3.jar;E:\soft_dev\apache-maven-3.2.3\repo\org\skyscreamer\jsonassert\1.4.0\jsonassert-1.4.0.jar;E:\soft_dev\apache-maven-3.2.3\repo\com\vaadin\external\google\android-json\0.0.20131108.vaadin1\android-json-0.0.20131108.vaadin1.jar;E:\soft_dev\apache-maven-3.2.3\repo\org\springframework\spring-test\4.3.20.RELEASE\spring-test-4.3.20.RELEASE.jar;E:\soft_dev\apache-maven-3.2.3\repo\io\netty\netty-all\4.1.5.Final\netty-all-4.1.5.Final.jar;E:\soft_dev\apache-maven-3.2.3\repo\org\projectlombok\lombok\1.16.18\lombok-1.16.18.jar;E:\soft_dev\apache-maven-3.2.3\repo\io\protostuff\protostuff-core\1.4.0\protostuff-core-1.4.0.jar;E:\soft_dev\apache-maven-3.2.3\repo\io\protostuff\protostuff-api\1.4.0\protostuff-api-1.4.0.jar;E:\soft_dev\apache-maven-3.2.3\repo\io\protostuff\protostuff-runtime\1.4.0\protostuff-runtime-1.4.0.jar;E:\soft_dev\apache-maven-3.2.3\repo\io\protostuff\protostuff-collectionschema\1.4.0\protostuff-collectionschema-1.4.0.jar;, java.specification.name=Java Platform API Specification, java.class.version=52.0, sun.management.compiler=HotSpot 64-Bit Tiered Compilers, maven.repo.local=E:\soft_dev\apache-maven-3.2.3\repo, os.version=10.0, user.home=C:\Users\dell, user.timezone=Asia/Shanghai, java.awt.printerjob=sun.awt.windows.WPrinterJob, file.encoding=GBK, java.specification.version=1.8, java.class.path=D:\idea_workspace\websocket-demo\socket-server\target\test-classes;D:\idea_workspace\websocket-demo\socket-server\target\classes;E:\soft_dev\apache-maven-3.2.3\repo\org\springframework\boot\spring-boot-starter\1.5.17.RELEASE\spring-boot-starter-1.5.17.RELEASE.jar;E:\soft_dev\apache-maven-3.2.3\repo\org\springframework\boot\spring-boot\1.5.17.RELEASE\spring-boot-1.5.17.RELEASE.jar;E:\soft_dev\apache-maven-3.2.3\repo\org\springframework\spring-core\4.3.20.RELEASE\spring-core-4.3.20.RELEASE.jar;E:\soft_dev\apache-maven-3.2.3\repo\org\springframework\spring-context\4.3.20.RELEASE\spring-context-4.3.20.RELEASE.jar;E:\soft_dev\apache-maven-3.2.3\repo\org\springframework\spring-aop\4.3.20.RELEASE\spring-aop-4.3.20.RELEASE.jar;E:\soft_dev\apache-maven-3.2.3\repo\org\springframework\spring-beans\4.3.20.RELEASE\spring-beans-4.3.20.RELEASE.jar;E:\soft_dev\apache-maven-3.2.3\repo\org\springframework\spring-expression\4.3.20.RELEASE\spring-expression-4.3.20.RELEASE.jar;E:\soft_dev\apache-maven-3.2.3\repo\org\springframework\boot\spring-boot-autoconfigure\1.5.17.RELEASE\spring-boot-autoconfigure-1.5.17.RELEASE.jar;E:\soft_dev\apache-maven-3.2.3\repo\org\springframework\boot\spring-boot-starter-logging\1.5.17.RELEASE\spring-boot-starter-logging-1.5.17.RELEASE.jar;E:\soft_dev\apache-maven-3.2.3\repo\ch\qos\logback\logback-classic\1.1.11\logback-classic-1.1.11.jar;E:\soft_dev\apache-maven-3.2.3\repo\ch\qos\logback\logback-core\1.1.11\logback-core-1.1.11.jar;E:\soft_dev\apache-maven-3.2.3\repo\org\slf4j\slf4j-api\1.7.25\slf4j-api-1.7.25.jar;E:\soft_dev\apache-maven-3.2.3\repo\org\slf4j\jcl-over-slf4j\1.7.25\jcl-over-slf4j-1.7.25.jar;E:\soft_dev\apache-maven-3.2.3\repo\org\slf4j\jul-to-slf4j\1.7.25\jul-to-slf4j-1.7.25.jar;E:\soft_dev\apache-maven-3.2.3\repo\org\slf4j\log4j-over-slf4j\1.7.25\log4j-over-slf4j-1.7.25.jar;E:\soft_dev\apache-maven-3.2.3\repo\org\yaml\snakeyaml\1.17\snakeyaml-1.17.jar;E:\soft_dev\apache-maven-3.2.3\repo\org\springframework\boot\spring-boot-starter-test\1.5.17.RELEASE\spring-boot-starter-test-1.5.17.RELEASE.jar;E:\soft_dev\apache-maven-3.2.3\repo\org\springframework\boot\spring-boot-test\1.5.17.RELEASE\spring-boot-test-1.5.17.RELEASE.jar;E:\soft_dev\apache-maven-3.2.3\repo\org\springframework\boot\spring-boot-test-autoconfigure\1.5.17.RELEASE\spring-boot-test-autoconfigure-1.5.17.RELEASE.jar;E:\soft_dev\apache-maven-3.2.3\repo\com\jayway\jsonpath\json-path\2.2.0\json-path-2.2.0.jar;E:\soft_dev\apache-maven-3.2.3\repo\net\minidev\json-smart\2.2.1\json-smart-2.2.1.jar;E:\soft_dev\apache-maven-3.2.3\repo\net\minidev\accessors-smart\1.1\accessors-smart-1.1.jar;E:\soft_dev\apache-maven-3.2.3\repo\org\ow2\asm\asm\5.0.3\asm-5.0.3.jar;E:\soft_dev\apache-maven-3.2.3\repo\junit\junit\4.12\junit-4.12.jar;E:\soft_dev\apache-maven-3.2.3\repo\org\hamcrest\hamcrest-core\1.3\hamcrest-core-1.3.jar;E:\soft_dev\apache-maven-3.2.3\repo\org\assertj\assertj-core\2.6.0\assertj-core-2.6.0.jar;E:\soft_dev\apache-maven-3.2.3\repo\org\mockito\mockito-core\1.10.19\mockito-core-1.10.19.jar;E:\soft_dev\apache-maven-3.2.3\repo\org\objenesis\objenesis\2.1\objenesis-2.1.jar;E:\soft_dev\apache-maven-3.2.3\repo\org\hamcrest\hamcrest-library\1.3\hamcrest-library-1.3.jar;E:\soft_dev\apache-maven-3.2.3\repo\org\skyscreamer\jsonassert\1.4.0\jsonassert-1.4.0.jar;E:\soft_dev\apache-maven-3.2.3\repo\com\vaadin\external\google\android-json\0.0.20131108.vaadin1\android-json-0.0.20131108.vaadin1.jar;E:\soft_dev\apache-maven-3.2.3\repo\org\springframework\spring-test\4.3.20.RELEASE\spring-test-4.3.20.RELEASE.jar;E:\soft_dev\apache-maven-3.2.3\repo\io\netty\netty-all\4.1.5.Final\netty-all-4.1.5.Final.jar;E:\soft_dev\apache-maven-3.2.3\repo\org\projectlombok\lombok\1.16.18\lombok-1.16.18.jar;E:\soft_dev\apache-maven-3.2.3\repo\io\protostuff\protostuff-core\1.4.0\protostuff-core-1.4.0.jar;E:\soft_dev\apache-maven-3.2.3\repo\io\protostuff\protostuff-api\1.4.0\protostuff-api-1.4.0.jar;E:\soft_dev\apache-maven-3.2.3\repo\io\protostuff\protostuff-runtime\1.4.0\protostuff-runtime-1.4.0.jar;E:\soft_dev\apache-maven-3.2.3\repo\io\protostuff\protostuff-collectionschema\1.4.0\protostuff-collectionschema-1.4.0.jar;, user.name=dell, java.vm.specification.version=1.8, sun.java.command=D:\idea_workspace\websocket-demo\socket-server\target\surefire\surefirebooter4428959537798795896.jar D:\idea_workspace\websocket-demo\socket-server\target\surefire\surefire118430837442139045tmp D:\idea_workspace\websocket-demo\socket-server\target\surefire\surefire_0795935741651210869tmp, java.home=C:\Program Files\Java\jdk1.8.0_191\jre, sun.arch.data.model=64, user.language=zh, java.specification.vendor=Oracle Corporation, awt.toolkit=sun.awt.windows.WToolkit, java.vm.info=mixed mode, java.version=1.8.0_191, java.ext.dirs=C:\Program Files\Java\jdk1.8.0_191\jre\lib\ext;C:\Windows\Sun\Java\lib\ext, sun.boot.class.path=C:\Program Files\Java\jdk1.8.0_191\jre\lib\resources.jar;C:\Program Files\Java\jdk1.8.0_191\jre\lib\rt.jar;C:\Program Files\Java\jdk1.8.0_191\jre\lib\sunrsasign.jar;C:\Program Files\Java\jdk1.8.0_191\jre\lib\jsse.jar;C:\Program Files\Java\jdk1.8.0_191\jre\lib\jce.jar;C:\Program Files\Java\jdk1.8.0_191\jre\lib\charsets.jar;C:\Program Files\Java\jdk1.8.0_191\jre\lib\jfr.jar;C:\Program Files\Java\jdk1.8.0_191\jre\classes, java.vendor=Oracle Corporation, localRepository=E:\soft_dev\apache-maven-3.2.3\repo, file.separator=\, java.vendor.url.bug=http://bugreport.sun.com/bugreport/, sun.io.unicode.encoding=UnicodeLittle, sun.cpu.endian=little, sun.desktop=windows, sun.cpu.isalist=amd64}}, SystemEnvironmentPropertySource@1434041222 {name='systemEnvironment', properties={PATH=C:\Program Files (x86)\Intel\Intel(R) Management Engine Components\iCLS\;C:\Program Files\Intel\Intel(R) Management Engine Components\iCLS\;C:\Windows\system32;C:\Windows;C:\Windows\System32\Wbem;C:\Windows\System32\WindowsPowerShell\v1.0\;C:\Windows\System32\OpenSSH\;C:\Program Files (x86)\Intel\Intel(R) Management Engine Components\DAL;C:\Program Files\Intel\Intel(R) Management Engine Components\DAL;C:\Program Files (x86)\Intel\Intel(R) Management Engine Components\IPT;C:\Program Files\Intel\Intel(R) Management Engine Components\IPT;C:\Program Files\Java\jdk1.8.0_191\bin;C:\Program Files\Java\jdk1.8.0_191\jre\bin;C:\Program Files (x86)\Common Files\Oracle\Java\javapath;D:\git\Git\cmd;D:\sdk\android-sdk-windows\tools;C:\Users\dell\AppData\Local\Microsoft\WindowsApps;, USERDOMAIN_ROAMINGPROFILE=DESKTOP-CMNM7QE, LOCALAPPDATA=C:\Users\dell\AppData\Local, PROCESSOR_LEVEL=6, SYSTEMDRIVE=C:, COMMONPROGRAMFILES(X86)=C:\Program Files (x86)\Common Files, USERDOMAIN=DESKTOP-CMNM7QE, LOGONSERVER=\\DESKTOP-CMNM7QE, JAVA_HOME=C:\Program Files\Java\jdk1.8.0_191, PROMPT=$P$G, SESSIONNAME=Console, ALLUSERSPROFILE=C:\ProgramData, PROGRAMFILES(X86)=C:\Program Files (x86), PROCESSOR_ARCHITECTURE=AMD64, DRIVERDATA=C:\Windows\System32\Drivers\DriverData, PROGRAMFILES=C:\Program Files, APPDATA=C:\Users\dell\AppData\Roaming, PSMODULEPATH=C:\Program Files\WindowsPowerShell\Modules;C:\Windows\system32\WindowsPowerShell\v1.0\Modules, PROGRAMW6432=C:\Program Files, PROGRAMDATA=C:\ProgramData, SYSTEMROOT=C:\Windows, USERNAME=dell, ONEDRIVE=C:\Users\dell\OneDrive, PATHEXT=.COM;.EXE;.BAT;.CMD;.VBS;.VBE;.JS;.JSE;.WSF;.WSH;.MSC, OS=Windows_NT, SDK_HOME=D:\sdk\android-sdk-windows, COMMONPROGRAMW6432=C:\Program Files\Common Files, COMPUTERNAME=DESKTOP-CMNM7QE, COMMONPROGRAMFILES=C:\Program Files\Common Files, COMSPEC=C:\Windows\system32\cmd.exe, PROCESSOR_REVISION=9e0a, CLASSPATH=C:\Program Files\Java\jdk1.8.0_191\lib;C:\Program Files\Java\jdk1.8.0_191\lib\tools.jar, WINDIR=C:\Windows, =D:=D:\idea_workspace\websocket-demo\socket-server, HOMEPATH=\Users\dell, TEMP=C:\Users\dell\AppData\Local\Temp, HOMEDRIVE=C:, PROCESSOR_IDENTIFIER=Intel64 Family 6 Model 158 Stepping 10, GenuineIntel, USERPROFILE=C:\Users\dell, TMP=C:\Users\dell\AppData\Local\Temp, PUBLIC=C:\Users\Public, NUMBER_OF_PROCESSORS=6, =::=::\}}]
13:31:02.143 [main] INFO org.springframework.boot.test.context.SpringBootTestContextBootstrapper - Found @SpringBootConfiguration com.shein.SocketServerApplication for test class com.shein.SocketServerApplicationTests
13:31:02.145 [main] DEBUG org.springframework.boot.test.context.SpringBootTestContextBootstrapper - @TestExecutionListeners is not present for class [com.shein.SocketServerApplicationTests]: using defaults.
13:31:02.147 [main] INFO org.springframework.boot.test.context.SpringBootTestContextBootstrapper - Loaded default TestExecutionListener class names from location [META-INF/spring.factories]: [org.springframework.boot.test.mock.mockito.MockitoTestExecutionListener, org.springframework.boot.test.mock.mockito.ResetMocksTestExecutionListener, org.springframework.boot.test.autoconfigure.restdocs.RestDocsTestExecutionListener, org.springframework.boot.test.autoconfigure.web.client.MockRestServiceServerResetTestExecutionListener, org.springframework.boot.test.autoconfigure.web.servlet.MockMvcPrintOnlyOnFailureTestExecutionListener, org.springframework.boot.test.autoconfigure.web.servlet.WebDriverTestExecutionListener, org.springframework.test.context.web.ServletTestExecutionListener, org.springframework.test.context.support.DirtiesContextBeforeModesTestExecutionListener, org.springframework.test.context.support.DependencyInjectionTestExecutionListener, org.springframework.test.context.support.DirtiesContextTestExecutionListener, org.springframework.test.context.transaction.TransactionalTestExecutionListener, org.springframework.test.context.jdbc.SqlScriptsTestExecutionListener]
13:31:02.149 [main] DEBUG org.springframework.boot.test.context.SpringBootTestContextBootstrapper - Could not instantiate TestExecutionListener [org.springframework.test.context.web.ServletTestExecutionListener]. Specify custom listener classes or make the default listener classes (and their required dependencies) available. Offending class: [javax/servlet/ServletContext]
13:31:02.150 [main] DEBUG org.springframework.boot.test.context.SpringBootTestContextBootstrapper - Could not instantiate TestExecutionListener [org.springframework.test.context.transaction.TransactionalTestExecutionListener]. Specify custom listener classes or make the default listener classes (and their required dependencies) available. Offending class: [org/springframework/transaction/interceptor/TransactionAttributeSource]
13:31:02.150 [main] DEBUG org.springframework.boot.test.context.SpringBootTestContextBootstrapper - Could not instantiate TestExecutionListener [org.springframework.test.context.jdbc.SqlScriptsTestExecutionListener]. Specify custom listener classes or make the default listener classes (and their required dependencies) available. Offending class: [org/springframework/transaction/interceptor/TransactionAttribute]
13:31:02.150 [main] INFO org.springframework.boot.test.context.SpringBootTestContextBootstrapper - Using TestExecutionListeners: [org.springframework.test.context.support.DirtiesContextBeforeModesTestExecutionListener@2f8f5f62, org.springframework.boot.test.mock.mockito.MockitoTestExecutionListener@1068e947, org.springframework.boot.test.autoconfigure.SpringBootDependencyInjectionTestExecutionListener@7dc222ae, org.springframework.test.context.support.DirtiesContextTestExecutionListener@aecb35a, org.springframework.boot.test.mock.mockito.ResetMocksTestExecutionListener@5fcd892a, org.springframework.boot.test.autoconfigure.restdocs.RestDocsTestExecutionListener@8b87145, org.springframework.boot.test.autoconfigure.web.client.MockRestServiceServerResetTestExecutionListener@6483f5ae, org.springframework.boot.test.autoconfigure.web.servlet.MockMvcPrintOnlyOnFailureTestExecutionListener@b9afc07, org.springframework.boot.test.autoconfigure.web.servlet.WebDriverTestExecutionListener@382db087]
13:31:02.150 [main] DEBUG org.springframework.test.annotation.ProfileValueUtils - Retrieved @ProfileValueSourceConfiguration [null] for test class [com.shein.SocketServerApplicationTests]
13:31:02.150 [main] DEBUG org.springframework.test.annotation.ProfileValueUtils - Retrieved ProfileValueSource type [class org.springframework.test.annotation.SystemProfileValueSource] for class [com.shein.SocketServerApplicationTests]
13:31:02.151 [main] DEBUG org.springframework.test.annotation.ProfileValueUtils - Retrieved @ProfileValueSourceConfiguration [null] for test class [com.shein.SocketServerApplicationTests]
13:31:02.151 [main] DEBUG org.springframework.test.annotation.ProfileValueUtils - Retrieved ProfileValueSource type [class org.springframework.test.annotation.SystemProfileValueSource] for class [com.shein.SocketServerApplicationTests]
13:31:02.153 [main] DEBUG org.springframework.test.context.support.AbstractDirtiesContextTestExecutionListener - Before test class: context [DefaultTestContext@5e57643e testClass = SocketServerApplicationTests, testInstance = [null], testMethod = [null], testException = [null], mergedContextConfiguration = [MergedContextConfiguration@133e16fd testClass = SocketServerApplicationTests, locations = '{}', classes = '{class com.shein.SocketServerApplication}', contextInitializerClasses = '[]', activeProfiles = '{}', propertySourceLocations = '{}', propertySourceProperties = '{org.springframework.boot.test.context.SpringBootTestContextBootstrapper=true}', contextCustomizers = set[org.springframework.boot.test.context.SpringBootTestContextCustomizer@13deb50e, org.springframework.boot.test.context.filter.ExcludeFilterContextCustomizer@57fffcd7, org.springframework.boot.test.json.DuplicateJsonObjectContextCustomizerFactory$DuplicateJsonObjectContextCustomizer@3c0ecd4b, org.springframework.boot.test.mock.mockito.MockitoContextCustomizer@0, org.springframework.boot.test.autoconfigure.properties.PropertyMappingContextCustomizer@0, org.springframework.boot.test.autoconfigure.web.servlet.WebDriverContextCustomizerFactory$Customizer@4bec1f0c], contextLoader = 'org.springframework.boot.test.context.SpringBootContextLoader', parent = [null]]], class annotated with @DirtiesContext [false] with mode [null].
13:31:02.154 [main] DEBUG org.springframework.test.annotation.ProfileValueUtils - Retrieved @ProfileValueSourceConfiguration [null] for test class [com.shein.SocketServerApplicationTests]
13:31:02.154 [main] DEBUG org.springframework.test.annotation.ProfileValueUtils - Retrieved ProfileValueSource type [class org.springframework.test.annotation.SystemProfileValueSource] for class [com.shein.SocketServerApplicationTests]
13:31:02.155 [main] DEBUG org.springframework.test.context.support.DependencyInjectionTestExecutionListener - Performing dependency injection for test context [[DefaultTestContext@5e57643e testClass = SocketServerApplicationTests, testInstance = com.shein.SocketServerApplicationTests@71d15f18, testMethod = [null], testException = [null], mergedContextConfiguration = [MergedContextConfiguration@133e16fd testClass = SocketServerApplicationTests, locations = '{}', classes = '{class com.shein.SocketServerApplication}', contextInitializerClasses = '[]', activeProfiles = '{}', propertySourceLocations = '{}', propertySourceProperties = '{org.springframework.boot.test.context.SpringBootTestContextBootstrapper=true}', contextCustomizers = set[org.springframework.boot.test.context.SpringBootTestContextCustomizer@13deb50e, org.springframework.boot.test.context.filter.ExcludeFilterContextCustomizer@57fffcd7, org.springframework.boot.test.json.DuplicateJsonObjectContextCustomizerFactory$DuplicateJsonObjectContextCustomizer@3c0ecd4b, org.springframework.boot.test.mock.mockito.MockitoContextCustomizer@0, org.springframework.boot.test.autoconfigure.properties.PropertyMappingContextCustomizer@0, org.springframework.boot.test.autoconfigure.web.servlet.WebDriverContextCustomizerFactory$Customizer@4bec1f0c], contextLoader = 'org.springframework.boot.test.context.SpringBootContextLoader', parent = [null]]]].
13:31:02.194 [main] DEBUG org.springframework.core.env.StandardEnvironment - Adding PropertySource 'systemProperties' with lowest search precedence
13:31:02.194 [main] DEBUG org.springframework.core.env.StandardEnvironment - Adding PropertySource 'systemEnvironment' with lowest search precedence
13:31:02.197 [main] DEBUG org.springframework.core.env.StandardEnvironment - Initialized StandardEnvironment with PropertySources [MapPropertySource@433287555 {name='systemProperties', properties={idea.version=2017.1.2, java.runtime.name=Java(TM) SE Runtime Environment, sun.boot.library.path=C:\Program Files\Java\jdk1.8.0_191\jre\bin, java.vm.version=25.191-b12, java.vm.vendor=Oracle Corporation, java.vendor.url=http://java.oracle.com/, path.separator=;, java.vm.name=Java HotSpot(TM) 64-Bit Server VM, file.encoding.pkg=sun.io, user.country=CN, user.script=, sun.java.launcher=SUN_STANDARD, sun.os.patch.level=, java.vm.specification.name=Java Virtual Machine Specification, user.dir=D:\idea_workspace\websocket-demo\socket-server, java.runtime.version=1.8.0_191-b12, basedir=D:\idea_workspace\websocket-demo\socket-server, java.awt.graphicsenv=sun.awt.Win32GraphicsEnvironment, java.endorsed.dirs=C:\Program Files\Java\jdk1.8.0_191\jre\lib\endorsed, os.arch=amd64, surefire.real.class.path=D:\idea_workspace\websocket-demo\socket-server\target\surefire\surefirebooter4428959537798795896.jar, java.io.tmpdir=C:\Users\dell\AppData\Local\Temp\, line.separator=
, java.vm.specification.vendor=Oracle Corporation, user.variant=, os.name=Windows 10, sun.jnu.encoding=GBK, java.library.path=C:\Program Files\Java\jdk1.8.0_191\jre\bin;C:\Windows\Sun\Java\bin;C:\Windows\system32;C:\Windows;C:\Program Files (x86)\Intel\Intel(R) Management Engine Components\iCLS\;C:\Program Files\Intel\Intel(R) Management Engine Components\iCLS\;C:\Windows\system32;C:\Windows;C:\Windows\System32\Wbem;C:\Windows\System32\WindowsPowerShell\v1.0\;C:\Windows\System32\OpenSSH\;C:\Program Files (x86)\Intel\Intel(R) Management Engine Components\DAL;C:\Program Files\Intel\Intel(R) Management Engine Components\DAL;C:\Program Files (x86)\Intel\Intel(R) Management Engine Components\IPT;C:\Program Files\Intel\Intel(R) Management Engine Components\IPT;C:\Program Files\Java\jdk1.8.0_191\bin;C:\Program Files\Java\jdk1.8.0_191\jre\bin;C:\Program Files (x86)\Common Files\Oracle\Java\javapath;D:\git\Git\cmd;D:\sdk\android-sdk-windows\tools;C:\Users\dell\AppData\Local\Microsoft\WindowsApps;;., surefire.test.class.path=D:\idea_workspace\websocket-demo\socket-server\target\test-classes;D:\idea_workspace\websocket-demo\socket-server\target\classes;E:\soft_dev\apache-maven-3.2.3\repo\org\springframework\boot\spring-boot-starter\1.5.17.RELEASE\spring-boot-starter-1.5.17.RELEASE.jar;E:\soft_dev\apache-maven-3.2.3\repo\org\springframework\boot\spring-boot\1.5.17.RELEASE\spring-boot-1.5.17.RELEASE.jar;E:\soft_dev\apache-maven-3.2.3\repo\org\springframework\spring-core\4.3.20.RELEASE\spring-core-4.3.20.RELEASE.jar;E:\soft_dev\apache-maven-3.2.3\repo\org\springframework\spring-context\4.3.20.RELEASE\spring-context-4.3.20.RELEASE.jar;E:\soft_dev\apache-maven-3.2.3\repo\org\springframework\spring-aop\4.3.20.RELEASE\spring-aop-4.3.20.RELEASE.jar;E:\soft_dev\apache-maven-3.2.3\repo\org\springframework\spring-beans\4.3.20.RELEASE\spring-beans-4.3.20.RELEASE.jar;E:\soft_dev\apache-maven-3.2.3\repo\org\springframework\spring-expression\4.3.20.RELEASE\spring-expression-4.3.20.RELEASE.jar;E:\soft_dev\apache-maven-3.2.3\repo\org\springframework\boot\spring-boot-autoconfigure\1.5.17.RELEASE\spring-boot-autoconfigure-1.5.17.RELEASE.jar;E:\soft_dev\apache-maven-3.2.3\repo\org\springframework\boot\spring-boot-starter-logging\1.5.17.RELEASE\spring-boot-starter-logging-1.5.17.RELEASE.jar;E:\soft_dev\apache-maven-3.2.3\repo\ch\qos\logback\logback-classic\1.1.11\logback-classic-1.1.11.jar;E:\soft_dev\apache-maven-3.2.3\repo\ch\qos\logback\logback-core\1.1.11\logback-core-1.1.11.jar;E:\soft_dev\apache-maven-3.2.3\repo\org\slf4j\slf4j-api\1.7.25\slf4j-api-1.7.25.jar;E:\soft_dev\apache-maven-3.2.3\repo\org\slf4j\jcl-over-slf4j\1.7.25\jcl-over-slf4j-1.7.25.jar;E:\soft_dev\apache-maven-3.2.3\repo\org\slf4j\jul-to-slf4j\1.7.25\jul-to-slf4j-1.7.25.jar;E:\soft_dev\apache-maven-3.2.3\repo\org\slf4j\log4j-over-slf4j\1.7.25\log4j-over-slf4j-1.7.25.jar;E:\soft_dev\apache-maven-3.2.3\repo\org\yaml\snakeyaml\1.17\snakeyaml-1.17.jar;E:\soft_dev\apache-maven-3.2.3\repo\org\springframework\boot\spring-boot-starter-test\1.5.17.RELEASE\spring-boot-starter-test-1.5.17.RELEASE.jar;E:\soft_dev\apache-maven-3.2.3\repo\org\springframework\boot\spring-boot-test\1.5.17.RELEASE\spring-boot-test-1.5.17.RELEASE.jar;E:\soft_dev\apache-maven-3.2.3\repo\org\springframework\boot\spring-boot-test-autoconfigure\1.5.17.RELEASE\spring-boot-test-autoconfigure-1.5.17.RELEASE.jar;E:\soft_dev\apache-maven-3.2.3\repo\com\jayway\jsonpath\json-path\2.2.0\json-path-2.2.0.jar;E:\soft_dev\apache-maven-3.2.3\repo\net\minidev\json-smart\2.2.1\json-smart-2.2.1.jar;E:\soft_dev\apache-maven-3.2.3\repo\net\minidev\accessors-smart\1.1\accessors-smart-1.1.jar;E:\soft_dev\apache-maven-3.2.3\repo\org\ow2\asm\asm\5.0.3\asm-5.0.3.jar;E:\soft_dev\apache-maven-3.2.3\repo\junit\junit\4.12\junit-4.12.jar;E:\soft_dev\apache-maven-3.2.3\repo\org\hamcrest\hamcrest-core\1.3\hamcrest-core-1.3.jar;E:\soft_dev\apache-maven-3.2.3\repo\org\assertj\assertj-core\2.6.0\assertj-core-2.6.0.jar;E:\soft_dev\apache-maven-3.2.3\repo\org\mockito\mockito-core\1.10.19\mockito-core-1.10.19.jar;E:\soft_dev\apache-maven-3.2.3\repo\org\objenesis\objenesis\2.1\objenesis-2.1.jar;E:\soft_dev\apache-maven-3.2.3\repo\org\hamcrest\hamcrest-library\1.3\hamcrest-library-1.3.jar;E:\soft_dev\apache-maven-3.2.3\repo\org\skyscreamer\jsonassert\1.4.0\jsonassert-1.4.0.jar;E:\soft_dev\apache-maven-3.2.3\repo\com\vaadin\external\google\android-json\0.0.20131108.vaadin1\android-json-0.0.20131108.vaadin1.jar;E:\soft_dev\apache-maven-3.2.3\repo\org\springframework\spring-test\4.3.20.RELEASE\spring-test-4.3.20.RELEASE.jar;E:\soft_dev\apache-maven-3.2.3\repo\io\netty\netty-all\4.1.5.Final\netty-all-4.1.5.Final.jar;E:\soft_dev\apache-maven-3.2.3\repo\org\projectlombok\lombok\1.16.18\lombok-1.16.18.jar;E:\soft_dev\apache-maven-3.2.3\repo\io\protostuff\protostuff-core\1.4.0\protostuff-core-1.4.0.jar;E:\soft_dev\apache-maven-3.2.3\repo\io\protostuff\protostuff-api\1.4.0\protostuff-api-1.4.0.jar;E:\soft_dev\apache-maven-3.2.3\repo\io\protostuff\protostuff-runtime\1.4.0\protostuff-runtime-1.4.0.jar;E:\soft_dev\apache-maven-3.2.3\repo\io\protostuff\protostuff-collectionschema\1.4.0\protostuff-collectionschema-1.4.0.jar;, java.specification.name=Java Platform API Specification, java.class.version=52.0, sun.management.compiler=HotSpot 64-Bit Tiered Compilers, maven.repo.local=E:\soft_dev\apache-maven-3.2.3\repo, os.version=10.0, user.home=C:\Users\dell, user.timezone=Asia/Shanghai, java.awt.printerjob=sun.awt.windows.WPrinterJob, file.encoding=GBK, java.specification.version=1.8, java.class.path=D:\idea_workspace\websocket-demo\socket-server\target\test-classes;D:\idea_workspace\websocket-demo\socket-server\target\classes;E:\soft_dev\apache-maven-3.2.3\repo\org\springframework\boot\spring-boot-starter\1.5.17.RELEASE\spring-boot-starter-1.5.17.RELEASE.jar;E:\soft_dev\apache-maven-3.2.3\repo\org\springframework\boot\spring-boot\1.5.17.RELEASE\spring-boot-1.5.17.RELEASE.jar;E:\soft_dev\apache-maven-3.2.3\repo\org\springframework\spring-core\4.3.20.RELEASE\spring-core-4.3.20.RELEASE.jar;E:\soft_dev\apache-maven-3.2.3\repo\org\springframework\spring-context\4.3.20.RELEASE\spring-context-4.3.20.RELEASE.jar;E:\soft_dev\apache-maven-3.2.3\repo\org\springframework\spring-aop\4.3.20.RELEASE\spring-aop-4.3.20.RELEASE.jar;E:\soft_dev\apache-maven-3.2.3\repo\org\springframework\spring-beans\4.3.20.RELEASE\spring-beans-4.3.20.RELEASE.jar;E:\soft_dev\apache-maven-3.2.3\repo\org\springframework\spring-expression\4.3.20.RELEASE\spring-expression-4.3.20.RELEASE.jar;E:\soft_dev\apache-maven-3.2.3\repo\org\springframework\boot\spring-boot-autoconfigure\1.5.17.RELEASE\spring-boot-autoconfigure-1.5.17.RELEASE.jar;E:\soft_dev\apache-maven-3.2.3\repo\org\springframework\boot\spring-boot-starter-logging\1.5.17.RELEASE\spring-boot-starter-logging-1.5.17.RELEASE.jar;E:\soft_dev\apache-maven-3.2.3\repo\ch\qos\logback\logback-classic\1.1.11\logback-classic-1.1.11.jar;E:\soft_dev\apache-maven-3.2.3\repo\ch\qos\logback\logback-core\1.1.11\logback-core-1.1.11.jar;E:\soft_dev\apache-maven-3.2.3\repo\org\slf4j\slf4j-api\1.7.25\slf4j-api-1.7.25.jar;E:\soft_dev\apache-maven-3.2.3\repo\org\slf4j\jcl-over-slf4j\1.7.25\jcl-over-slf4j-1.7.25.jar;E:\soft_dev\apache-maven-3.2.3\repo\org\slf4j\jul-to-slf4j\1.7.25\jul-to-slf4j-1.7.25.jar;E:\soft_dev\apache-maven-3.2.3\repo\org\slf4j\log4j-over-slf4j\1.7.25\log4j-over-slf4j-1.7.25.jar;E:\soft_dev\apache-maven-3.2.3\repo\org\yaml\snakeyaml\1.17\snakeyaml-1.17.jar;E:\soft_dev\apache-maven-3.2.3\repo\org\springframework\boot\spring-boot-starter-test\1.5.17.RELEASE\spring-boot-starter-test-1.5.17.RELEASE.jar;E:\soft_dev\apache-maven-3.2.3\repo\org\springframework\boot\spring-boot-test\1.5.17.RELEASE\spring-boot-test-1.5.17.RELEASE.jar;E:\soft_dev\apache-maven-3.2.3\repo\org\springframework\boot\spring-boot-test-autoconfigure\1.5.17.RELEASE\spring-boot-test-autoconfigure-1.5.17.RELEASE.jar;E:\soft_dev\apache-maven-3.2.3\repo\com\jayway\jsonpath\json-path\2.2.0\json-path-2.2.0.jar;E:\soft_dev\apache-maven-3.2.3\repo\net\minidev\json-smart\2.2.1\json-smart-2.2.1.jar;E:\soft_dev\apache-maven-3.2.3\repo\net\minidev\accessors-smart\1.1\accessors-smart-1.1.jar;E:\soft_dev\apache-maven-3.2.3\repo\org\ow2\asm\asm\5.0.3\asm-5.0.3.jar;E:\soft_dev\apache-maven-3.2.3\repo\junit\junit\4.12\junit-4.12.jar;E:\soft_dev\apache-maven-3.2.3\repo\org\hamcrest\hamcrest-core\1.3\hamcrest-core-1.3.jar;E:\soft_dev\apache-maven-3.2.3\repo\org\assertj\assertj-core\2.6.0\assertj-core-2.6.0.jar;E:\soft_dev\apache-maven-3.2.3\repo\org\mockito\mockito-core\1.10.19\mockito-core-1.10.19.jar;E:\soft_dev\apache-maven-3.2.3\repo\org\objenesis\objenesis\2.1\objenesis-2.1.jar;E:\soft_dev\apache-maven-3.2.3\repo\org\hamcrest\hamcrest-library\1.3\hamcrest-library-1.3.jar;E:\soft_dev\apache-maven-3.2.3\repo\org\skyscreamer\jsonassert\1.4.0\jsonassert-1.4.0.jar;E:\soft_dev\apache-maven-3.2.3\repo\com\vaadin\external\google\android-json\0.0.20131108.vaadin1\android-json-0.0.20131108.vaadin1.jar;E:\soft_dev\apache-maven-3.2.3\repo\org\springframework\spring-test\4.3.20.RELEASE\spring-test-4.3.20.RELEASE.jar;E:\soft_dev\apache-maven-3.2.3\repo\io\netty\netty-all\4.1.5.Final\netty-all-4.1.5.Final.jar;E:\soft_dev\apache-maven-3.2.3\repo\org\projectlombok\lombok\1.16.18\lombok-1.16.18.jar;E:\soft_dev\apache-maven-3.2.3\repo\io\protostuff\protostuff-core\1.4.0\protostuff-core-1.4.0.jar;E:\soft_dev\apache-maven-3.2.3\repo\io\protostuff\protostuff-api\1.4.0\protostuff-api-1.4.0.jar;E:\soft_dev\apache-maven-3.2.3\repo\io\protostuff\protostuff-runtime\1.4.0\protostuff-runtime-1.4.0.jar;E:\soft_dev\apache-maven-3.2.3\repo\io\protostuff\protostuff-collectionschema\1.4.0\protostuff-collectionschema-1.4.0.jar;, user.name=dell, java.vm.specification.version=1.8, sun.java.command=D:\idea_workspace\websocket-demo\socket-server\target\surefire\surefirebooter4428959537798795896.jar D:\idea_workspace\websocket-demo\socket-server\target\surefire\surefire118430837442139045tmp D:\idea_workspace\websocket-demo\socket-server\target\surefire\surefire_0795935741651210869tmp, java.home=C:\Program Files\Java\jdk1.8.0_191\jre, sun.arch.data.model=64, user.language=zh, java.specification.vendor=Oracle Corporation, awt.toolkit=sun.awt.windows.WToolkit, java.vm.info=mixed mode, java.version=1.8.0_191, java.ext.dirs=C:\Program Files\Java\jdk1.8.0_191\jre\lib\ext;C:\Windows\Sun\Java\lib\ext, sun.boot.class.path=C:\Program Files\Java\jdk1.8.0_191\jre\lib\resources.jar;C:\Program Files\Java\jdk1.8.0_191\jre\lib\rt.jar;C:\Program Files\Java\jdk1.8.0_191\jre\lib\sunrsasign.jar;C:\Program Files\Java\jdk1.8.0_191\jre\lib\jsse.jar;C:\Program Files\Java\jdk1.8.0_191\jre\lib\jce.jar;C:\Program Files\Java\jdk1.8.0_191\jre\lib\charsets.jar;C:\Program Files\Java\jdk1.8.0_191\jre\lib\jfr.jar;C:\Program Files\Java\jdk1.8.0_191\jre\classes, java.vendor=Oracle Corporation, localRepository=E:\soft_dev\apache-maven-3.2.3\repo, file.separator=\, java.vendor.url.bug=http://bugreport.sun.com/bugreport/, sun.io.unicode.encoding=UnicodeLittle, sun.cpu.endian=little, sun.desktop=windows, sun.cpu.isalist=amd64}}, SystemEnvironmentPropertySource@27319466 {name='systemEnvironment', properties={PATH=C:\Program Files (x86)\Intel\Intel(R) Management Engine Components\iCLS\;C:\Program Files\Intel\Intel(R) Management Engine Components\iCLS\;C:\Windows\system32;C:\Windows;C:\Windows\System32\Wbem;C:\Windows\System32\WindowsPowerShell\v1.0\;C:\Windows\System32\OpenSSH\;C:\Program Files (x86)\Intel\Intel(R) Management Engine Components\DAL;C:\Program Files\Intel\Intel(R) Management Engine Components\DAL;C:\Program Files (x86)\Intel\Intel(R) Management Engine Components\IPT;C:\Program Files\Intel\Intel(R) Management Engine Components\IPT;C:\Program Files\Java\jdk1.8.0_191\bin;C:\Program Files\Java\jdk1.8.0_191\jre\bin;C:\Program Files (x86)\Common Files\Oracle\Java\javapath;D:\git\Git\cmd;D:\sdk\android-sdk-windows\tools;C:\Users\dell\AppData\Local\Microsoft\WindowsApps;, USERDOMAIN_ROAMINGPROFILE=DESKTOP-CMNM7QE, LOCALAPPDATA=C:\Users\dell\AppData\Local, PROCESSOR_LEVEL=6, SYSTEMDRIVE=C:, COMMONPROGRAMFILES(X86)=C:\Program Files (x86)\Common Files, USERDOMAIN=DESKTOP-CMNM7QE, LOGONSERVER=\\DESKTOP-CMNM7QE, JAVA_HOME=C:\Program Files\Java\jdk1.8.0_191, PROMPT=$P$G, SESSIONNAME=Console, ALLUSERSPROFILE=C:\ProgramData, PROGRAMFILES(X86)=C:\Program Files (x86), PROCESSOR_ARCHITECTURE=AMD64, DRIVERDATA=C:\Windows\System32\Drivers\DriverData, PROGRAMFILES=C:\Program Files, APPDATA=C:\Users\dell\AppData\Roaming, PSMODULEPATH=C:\Program Files\WindowsPowerShell\Modules;C:\Windows\system32\WindowsPowerShell\v1.0\Modules, PROGRAMW6432=C:\Program Files, PROGRAMDATA=C:\ProgramData, SYSTEMROOT=C:\Windows, USERNAME=dell, ONEDRIVE=C:\Users\dell\OneDrive, PATHEXT=.COM;.EXE;.BAT;.CMD;.VBS;.VBE;.JS;.JSE;.WSF;.WSH;.MSC, OS=Windows_NT, SDK_HOME=D:\sdk\android-sdk-windows, COMMONPROGRAMW6432=C:\Program Files\Common Files, COMPUTERNAME=DESKTOP-CMNM7QE, COMMONPROGRAMFILES=C:\Program Files\Common Files, COMSPEC=C:\Windows\system32\cmd.exe, PROCESSOR_REVISION=9e0a, CLASSPATH=C:\Program Files\Java\jdk1.8.0_191\lib;C:\Program Files\Java\jdk1.8.0_191\lib\tools.jar, WINDIR=C:\Windows, =D:=D:\idea_workspace\websocket-demo\socket-server, HOMEPATH=\Users\dell, TEMP=C:\Users\dell\AppData\Local\Temp, HOMEDRIVE=C:, PROCESSOR_IDENTIFIER=Intel64 Family 6 Model 158 Stepping 10, GenuineIntel, USERPROFILE=C:\Users\dell, TMP=C:\Users\dell\AppData\Local\Temp, PUBLIC=C:\Users\Public, NUMBER_OF_PROCESSORS=6, =::=::\}}]
13:31:02.199 [main] DEBUG org.springframework.core.env.MutablePropertySources - Adding PropertySource 'inline' with highest search precedence
13:31:02.202 [main] DEBUG org.springframework.test.context.support.TestPropertySourceUtils - Adding inlined properties to environment: {spring.jmx.enabled=false, org.springframework.boot.test.context.SpringBootTestContextBootstrapper=true, server.port=-1}
13:31:02.203 [main] DEBUG org.springframework.core.env.StandardEnvironment - Adding PropertySource 'Inlined Test Properties' with highest search precedence

  .   ____          _            __ _ _
 /\\ / ___'_ __ _ _(_)_ __  __ _ \ \ \ \
( ( )\___ | '_ | '_| | '_ \/ _` | \ \ \ \
 \\/  ___)| |_)| | | | | || (_| |  ) ) ) )
  '  |____| .__|_| |_|_| |_\__, | / / / /
 =========|_|==============|___/=/_/_/_/
 :: Spring Boot ::       (v1.5.17.RELEASE)

2018-11-19 13:31:02.369  INFO 5724 --- [           main] com.shein.SocketServerApplicationTests   : Starting SocketServerApplicationTests on DESKTOP-CMNM7QE with PID 5724 (started by dell in D:\idea_workspace\websocket-demo\socket-server)
2018-11-19 13:31:02.370  INFO 5724 --- [           main] com.shein.SocketServerApplicationTests   : No active profile set, falling back to default profiles: default
2018-11-19 13:31:02.385  INFO 5724 --- [           main] s.c.a.AnnotationConfigApplicationContext : Refreshing org.springframework.context.annotation.AnnotationConfigApplicationContext@17f7cd29: startup date [Mon Nov 19 13:31:02 CST 2018]; root of context hierarchy
2018-11-19 13:31:07.615  INFO 5724 --- [           main] utoConfigurationReportLoggingInitializer : 

Error starting ApplicationContext. To display the auto-configuration report re-run your application with 'debug' enabled.
2018-11-19 13:31:07.621 ERROR 5724 --- [           main] o.s.boot.SpringApplication               : Application startup failed

java.lang.IllegalStateException: Failed to execute CommandLineRunner
	at org.springframework.boot.SpringApplication.callRunner(SpringApplication.java:735) ~[spring-boot-1.5.17.RELEASE.jar:1.5.17.RELEASE]
	at org.springframework.boot.SpringApplication.callRunners(SpringApplication.java:716) ~[spring-boot-1.5.17.RELEASE.jar:1.5.17.RELEASE]
	at org.springframework.boot.SpringApplication.afterRefresh(SpringApplication.java:703) ~[spring-boot-1.5.17.RELEASE.jar:1.5.17.RELEASE]
	at org.springframework.boot.SpringApplication.run(SpringApplication.java:304) ~[spring-boot-1.5.17.RELEASE.jar:1.5.17.RELEASE]
	at org.springframework.boot.test.context.SpringBootContextLoader.loadContext(SpringBootContextLoader.java:121) [spring-boot-test-1.5.17.RELEASE.jar:1.5.17.RELEASE]
	at org.springframework.test.context.cache.DefaultCacheAwareContextLoaderDelegate.loadContextInternal(DefaultCacheAwareContextLoaderDelegate.java:98) [spring-test-4.3.20.RELEASE.jar:4.3.20.RELEASE]
	at org.springframework.test.context.cache.DefaultCacheAwareContextLoaderDelegate.loadContext(DefaultCacheAwareContextLoaderDelegate.java:116) [spring-test-4.3.20.RELEASE.jar:4.3.20.RELEASE]
	at org.springframework.test.context.support.DefaultTestContext.getApplicationContext(DefaultTestContext.java:83) [spring-test-4.3.20.RELEASE.jar:4.3.20.RELEASE]
	at org.springframework.test.context.support.DependencyInjectionTestExecutionListener.injectDependencies(DependencyInjectionTestExecutionListener.java:117) [spring-test-4.3.20.RELEASE.jar:4.3.20.RELEASE]
	at org.springframework.test.context.support.DependencyInjectionTestExecutionListener.prepareTestInstance(DependencyInjectionTestExecutionListener.java:83) [spring-test-4.3.20.RELEASE.jar:4.3.20.RELEASE]
	at org.springframework.boot.test.autoconfigure.SpringBootDependencyInjectionTestExecutionListener.prepareTestInstance(SpringBootDependencyInjectionTestExecutionListener.java:44) [spring-boot-test-autoconfigure-1.5.17.RELEASE.jar:1.5.17.RELEASE]
	at org.springframework.test.context.TestContextManager.prepareTestInstance(TestContextManager.java:230) [spring-test-4.3.20.RELEASE.jar:4.3.20.RELEASE]
	at org.springframework.test.context.junit4.SpringJUnit4ClassRunner.createTest(SpringJUnit4ClassRunner.java:228) [spring-test-4.3.20.RELEASE.jar:4.3.20.RELEASE]
	at org.springframework.test.context.junit4.SpringJUnit4ClassRunner$1.runReflectiveCall(SpringJUnit4ClassRunner.java:287) [spring-test-4.3.20.RELEASE.jar:4.3.20.RELEASE]
	at org.junit.internal.runners.model.ReflectiveCallable.run(ReflectiveCallable.java:12) [junit-4.12.jar:4.12]
	at org.springframework.test.context.junit4.SpringJUnit4ClassRunner.methodBlock(SpringJUnit4ClassRunner.java:289) [spring-test-4.3.20.RELEASE.jar:4.3.20.RELEASE]
	at org.springframework.test.context.junit4.SpringJUnit4ClassRunner.runChild(SpringJUnit4ClassRunner.java:247) [spring-test-4.3.20.RELEASE.jar:4.3.20.RELEASE]
	at org.springframework.test.context.junit4.SpringJUnit4ClassRunner.runChild(SpringJUnit4ClassRunner.java:94) [spring-test-4.3.20.RELEASE.jar:4.3.20.RELEASE]
	at org.junit.runners.ParentRunner$3.run(ParentRunner.java:290) [junit-4.12.jar:4.12]
	at org.junit.runners.ParentRunner$1.schedule(ParentRunner.java:71) [junit-4.12.jar:4.12]
	at org.junit.runners.ParentRunner.runChildren(ParentRunner.java:288) [junit-4.12.jar:4.12]
	at org.junit.runners.ParentRunner.access$000(ParentRunner.java:58) [junit-4.12.jar:4.12]
	at org.junit.runners.ParentRunner$2.evaluate(ParentRunner.java:268) [junit-4.12.jar:4.12]
	at org.springframework.test.context.junit4.statements.RunBeforeTestClassCallbacks.evaluate(RunBeforeTestClassCallbacks.java:61) [spring-test-4.3.20.RELEASE.jar:4.3.20.RELEASE]
	at org.springframework.test.context.junit4.statements.RunAfterTestClassCallbacks.evaluate(RunAfterTestClassCallbacks.java:70) [spring-test-4.3.20.RELEASE.jar:4.3.20.RELEASE]
	at org.junit.runners.ParentRunner.run(ParentRunner.java:363) [junit-4.12.jar:4.12]
	at org.springframework.test.context.junit4.SpringJUnit4ClassRunner.run(SpringJUnit4ClassRunner.java:191) [spring-test-4.3.20.RELEASE.jar:4.3.20.RELEASE]
	at org.apache.maven.surefire.junit4.JUnit4Provider.execute(JUnit4Provider.java:283) [surefire-junit4-2.18.1.jar:2.18.1]
	at org.apache.maven.surefire.junit4.JUnit4Provider.executeWithRerun(JUnit4Provider.java:173) [surefire-junit4-2.18.1.jar:2.18.1]
	at org.apache.maven.surefire.junit4.JUnit4Provider.executeTestSet(JUnit4Provider.java:153) [surefire-junit4-2.18.1.jar:2.18.1]
	at org.apache.maven.surefire.junit4.JUnit4Provider.invoke(JUnit4Provider.java:128) [surefire-junit4-2.18.1.jar:2.18.1]
	at org.apache.maven.surefire.booter.ForkedBooter.invokeProviderInSameClassLoader(ForkedBooter.java:203) [surefire-booter-2.18.1.jar:2.18.1]
	at org.apache.maven.surefire.booter.ForkedBooter.runSuitesInProcess(ForkedBooter.java:155) [surefire-booter-2.18.1.jar:2.18.1]
	at org.apache.maven.surefire.booter.ForkedBooter.main(ForkedBooter.java:103) [surefire-booter-2.18.1.jar:2.18.1]
Caused by: java.net.BindException: Address already in use: bind
	at sun.nio.ch.Net.bind0(Native Method) ~[na:1.8.0_191]
	at sun.nio.ch.Net.bind(Net.java:433) ~[na:1.8.0_191]
	at sun.nio.ch.Net.bind(Net.java:425) ~[na:1.8.0_191]
	at sun.nio.ch.ServerSocketChannelImpl.bind(ServerSocketChannelImpl.java:223) ~[na:1.8.0_191]
	at io.netty.channel.socket.nio.NioServerSocketChannel.doBind(NioServerSocketChannel.java:127) ~[netty-all-4.1.5.Final.jar:4.1.5.Final]
	at io.netty.channel.AbstractChannel$AbstractUnsafe.bind(AbstractChannel.java:554) ~[netty-all-4.1.5.Final.jar:4.1.5.Final]
	at io.netty.channel.DefaultChannelPipeline$HeadContext.bind(DefaultChannelPipeline.java:1258) ~[netty-all-4.1.5.Final.jar:4.1.5.Final]
	at io.netty.channel.AbstractChannelHandlerContext.invokeBind(AbstractChannelHandlerContext.java:511) ~[netty-all-4.1.5.Final.jar:4.1.5.Final]
	at io.netty.channel.AbstractChannelHandlerContext.bind(AbstractChannelHandlerContext.java:496) ~[netty-all-4.1.5.Final.jar:4.1.5.Final]
	at io.netty.channel.DefaultChannelPipeline.bind(DefaultChannelPipeline.java:980) ~[netty-all-4.1.5.Final.jar:4.1.5.Final]
	at io.netty.channel.AbstractChannel.bind(AbstractChannel.java:250) ~[netty-all-4.1.5.Final.jar:4.1.5.Final]
	at io.netty.bootstrap.AbstractBootstrap$2.run(AbstractBootstrap.java:363) ~[netty-all-4.1.5.Final.jar:4.1.5.Final]
	at io.netty.util.concurrent.AbstractEventExecutor.safeExecute(AbstractEventExecutor.java:163) ~[netty-all-4.1.5.Final.jar:4.1.5.Final]
	at io.netty.util.concurrent.SingleThreadEventExecutor.runAllTasks(SingleThreadEventExecutor.java:418) ~[netty-all-4.1.5.Final.jar:4.1.5.Final]
	at io.netty.channel.nio.NioEventLoop.run(NioEventLoop.java:440) ~[netty-all-4.1.5.Final.jar:4.1.5.Final]
	at io.netty.util.concurrent.SingleThreadEventExecutor$5.run(SingleThreadEventExecutor.java:873) ~[netty-all-4.1.5.Final.jar:4.1.5.Final]
	at io.netty.util.concurrent.DefaultThreadFactory$DefaultRunnableDecorator.run(DefaultThreadFactory.java:144) ~[netty-all-4.1.5.Final.jar:4.1.5.Final]
	at java.lang.Thread.run(Thread.java:748) ~[na:1.8.0_191]

2018-11-19 13:31:07.622  INFO 5724 --- [           main] s.c.a.AnnotationConfigApplicationContext : Closing org.springframework.context.annotation.AnnotationConfigApplicationContext@17f7cd29: startup date [Mon Nov 19 13:31:02 CST 2018]; root of context hierarchy

  .   ____          _            __ _ _
 /\\ / ___'_ __ _ _(_)_ __  __ _ \ \ \ \
( ( )\___ | '_ | '_| | '_ \/ _` | \ \ \ \
 \\/  ___)| |_)| | | | | || (_| |  ) ) ) )
  '  |____| .__|_| |_|_| |_\__, | / / / /
 =========|_|==============|___/=/_/_/_/
 :: Spring Boot ::       (v1.5.17.RELEASE)

2018-11-19 13:31:07.649  INFO 5724 --- [           main] com.shein.SocketServerApplicationTests   : Starting SocketServerApplicationTests on DESKTOP-CMNM7QE with PID 5724 (started by dell in D:\idea_workspace\websocket-demo\socket-server)
2018-11-19 13:31:07.649  INFO 5724 --- [           main] com.shein.SocketServerApplicationTests   : No active profile set, falling back to default profiles: default
2018-11-19 13:31:07.650  INFO 5724 --- [           main] s.c.a.AnnotationConfigApplicationContext : Refreshing org.springframework.context.annotation.AnnotationConfigApplicationContext@73173f63: startup date [Mon Nov 19 13:31:07 CST 2018]; root of context hierarchy
2018-11-19 13:31:12.337  INFO 5724 --- [           main] utoConfigurationReportLoggingInitializer : 

Error starting ApplicationContext. To display the auto-configuration report re-run your application with 'debug' enabled.
2018-11-19 13:31:12.338 ERROR 5724 --- [           main] o.s.boot.SpringApplication               : Application startup failed

java.lang.IllegalStateException: Failed to execute CommandLineRunner
	at org.springframework.boot.SpringApplication.callRunner(SpringApplication.java:735) ~[spring-boot-1.5.17.RELEASE.jar:1.5.17.RELEASE]
	at org.springframework.boot.SpringApplication.callRunners(SpringApplication.java:716) ~[spring-boot-1.5.17.RELEASE.jar:1.5.17.RELEASE]
	at org.springframework.boot.SpringApplication.afterRefresh(SpringApplication.java:703) ~[spring-boot-1.5.17.RELEASE.jar:1.5.17.RELEASE]
	at org.springframework.boot.SpringApplication.run(SpringApplication.java:304) ~[spring-boot-1.5.17.RELEASE.jar:1.5.17.RELEASE]
	at org.springframework.boot.test.context.SpringBootContextLoader.loadContext(SpringBootContextLoader.java:121) [spring-boot-test-1.5.17.RELEASE.jar:1.5.17.RELEASE]
	at org.springframework.test.context.cache.DefaultCacheAwareContextLoaderDelegate.loadContextInternal(DefaultCacheAwareContextLoaderDelegate.java:98) [spring-test-4.3.20.RELEASE.jar:4.3.20.RELEASE]
	at org.springframework.test.context.cache.DefaultCacheAwareContextLoaderDelegate.loadContext(DefaultCacheAwareContextLoaderDelegate.java:116) [spring-test-4.3.20.RELEASE.jar:4.3.20.RELEASE]
	at org.springframework.test.context.support.DefaultTestContext.getApplicationContext(DefaultTestContext.java:83) [spring-test-4.3.20.RELEASE.jar:4.3.20.RELEASE]
	at org.springframework.boot.test.autoconfigure.SpringBootDependencyInjectionTestExecutionListener.outputConditionEvaluationReport(SpringBootDependencyInjectionTestExecutionListener.java:54) [spring-boot-test-autoconfigure-1.5.17.RELEASE.jar:1.5.17.RELEASE]
	at org.springframework.boot.test.autoconfigure.SpringBootDependencyInjectionTestExecutionListener.prepareTestInstance(SpringBootDependencyInjectionTestExecutionListener.java:47) [spring-boot-test-autoconfigure-1.5.17.RELEASE.jar:1.5.17.RELEASE]
	at org.springframework.test.context.TestContextManager.prepareTestInstance(TestContextManager.java:230) [spring-test-4.3.20.RELEASE.jar:4.3.20.RELEASE]
	at org.springframework.test.context.junit4.SpringJUnit4ClassRunner.createTest(SpringJUnit4ClassRunner.java:228) [spring-test-4.3.20.RELEASE.jar:4.3.20.RELEASE]
	at org.springframework.test.context.junit4.SpringJUnit4ClassRunner$1.runReflectiveCall(SpringJUnit4ClassRunner.java:287) [spring-test-4.3.20.RELEASE.jar:4.3.20.RELEASE]
	at org.junit.internal.runners.model.ReflectiveCallable.run(ReflectiveCallable.java:12) [junit-4.12.jar:4.12]
	at org.springframework.test.context.junit4.SpringJUnit4ClassRunner.methodBlock(SpringJUnit4ClassRunner.java:289) [spring-test-4.3.20.RELEASE.jar:4.3.20.RELEASE]
	at org.springframework.test.context.junit4.SpringJUnit4ClassRunner.runChild(SpringJUnit4ClassRunner.java:247) [spring-test-4.3.20.RELEASE.jar:4.3.20.RELEASE]
	at org.springframework.test.context.junit4.SpringJUnit4ClassRunner.runChild(SpringJUnit4ClassRunner.java:94) [spring-test-4.3.20.RELEASE.jar:4.3.20.RELEASE]
	at org.junit.runners.ParentRunner$3.run(ParentRunner.java:290) [junit-4.12.jar:4.12]
	at org.junit.runners.ParentRunner$1.schedule(ParentRunner.java:71) [junit-4.12.jar:4.12]
	at org.junit.runners.ParentRunner.runChildren(ParentRunner.java:288) [junit-4.12.jar:4.12]
	at org.junit.runners.ParentRunner.access$000(ParentRunner.java:58) [junit-4.12.jar:4.12]
	at org.junit.runners.ParentRunner$2.evaluate(ParentRunner.java:268) [junit-4.12.jar:4.12]
	at org.springframework.test.context.junit4.statements.RunBeforeTestClassCallbacks.evaluate(RunBeforeTestClassCallbacks.java:61) [spring-test-4.3.20.RELEASE.jar:4.3.20.RELEASE]
	at org.springframework.test.context.junit4.statements.RunAfterTestClassCallbacks.evaluate(RunAfterTestClassCallbacks.java:70) [spring-test-4.3.20.RELEASE.jar:4.3.20.RELEASE]
	at org.junit.runners.ParentRunner.run(ParentRunner.java:363) [junit-4.12.jar:4.12]
	at org.springframework.test.context.junit4.SpringJUnit4ClassRunner.run(SpringJUnit4ClassRunner.java:191) [spring-test-4.3.20.RELEASE.jar:4.3.20.RELEASE]
	at org.apache.maven.surefire.junit4.JUnit4Provider.execute(JUnit4Provider.java:283) [surefire-junit4-2.18.1.jar:2.18.1]
	at org.apache.maven.surefire.junit4.JUnit4Provider.executeWithRerun(JUnit4Provider.java:173) [surefire-junit4-2.18.1.jar:2.18.1]
	at org.apache.maven.surefire.junit4.JUnit4Provider.executeTestSet(JUnit4Provider.java:153) [surefire-junit4-2.18.1.jar:2.18.1]
	at org.apache.maven.surefire.junit4.JUnit4Provider.invoke(JUnit4Provider.java:128) [surefire-junit4-2.18.1.jar:2.18.1]
	at org.apache.maven.surefire.booter.ForkedBooter.invokeProviderInSameClassLoader(ForkedBooter.java:203) [surefire-booter-2.18.1.jar:2.18.1]
	at org.apache.maven.surefire.booter.ForkedBooter.runSuitesInProcess(ForkedBooter.java:155) [surefire-booter-2.18.1.jar:2.18.1]
	at org.apache.maven.surefire.booter.ForkedBooter.main(ForkedBooter.java:103) [surefire-booter-2.18.1.jar:2.18.1]
Caused by: java.net.BindException: Address already in use: bind
	at sun.nio.ch.Net.bind0(Native Method) ~[na:1.8.0_191]
	at sun.nio.ch.Net.bind(Net.java:433) ~[na:1.8.0_191]
	at sun.nio.ch.Net.bind(Net.java:425) ~[na:1.8.0_191]
	at sun.nio.ch.ServerSocketChannelImpl.bind(ServerSocketChannelImpl.java:223) ~[na:1.8.0_191]
	at io.netty.channel.socket.nio.NioServerSocketChannel.doBind(NioServerSocketChannel.java:127) ~[netty-all-4.1.5.Final.jar:4.1.5.Final]
	at io.netty.channel.AbstractChannel$AbstractUnsafe.bind(AbstractChannel.java:554) ~[netty-all-4.1.5.Final.jar:4.1.5.Final]
	at io.netty.channel.DefaultChannelPipeline$HeadContext.bind(DefaultChannelPipeline.java:1258) ~[netty-all-4.1.5.Final.jar:4.1.5.Final]
	at io.netty.channel.AbstractChannelHandlerContext.invokeBind(AbstractChannelHandlerContext.java:511) ~[netty-all-4.1.5.Final.jar:4.1.5.Final]
	at io.netty.channel.AbstractChannelHandlerContext.bind(AbstractChannelHandlerContext.java:496) ~[netty-all-4.1.5.Final.jar:4.1.5.Final]
	at io.netty.channel.DefaultChannelPipeline.bind(DefaultChannelPipeline.java:980) ~[netty-all-4.1.5.Final.jar:4.1.5.Final]
	at io.netty.channel.AbstractChannel.bind(AbstractChannel.java:250) ~[netty-all-4.1.5.Final.jar:4.1.5.Final]
	at io.netty.bootstrap.AbstractBootstrap$2.run(AbstractBootstrap.java:363) ~[netty-all-4.1.5.Final.jar:4.1.5.Final]
	at io.netty.util.concurrent.AbstractEventExecutor.safeExecute(AbstractEventExecutor.java:163) ~[netty-all-4.1.5.Final.jar:4.1.5.Final]
	at io.netty.util.concurrent.SingleThreadEventExecutor.runAllTasks(SingleThreadEventExecutor.java:418) ~[netty-all-4.1.5.Final.jar:4.1.5.Final]
	at io.netty.channel.nio.NioEventLoop.run(NioEventLoop.java:440) ~[netty-all-4.1.5.Final.jar:4.1.5.Final]
	at io.netty.util.concurrent.SingleThreadEventExecutor$5.run(SingleThreadEventExecutor.java:873) ~[netty-all-4.1.5.Final.jar:4.1.5.Final]
	at io.netty.util.concurrent.DefaultThreadFactory$DefaultRunnableDecorator.run(DefaultThreadFactory.java:144) ~[netty-all-4.1.5.Final.jar:4.1.5.Final]
	at java.lang.Thread.run(Thread.java:748) ~[na:1.8.0_191]

2018-11-19 13:31:12.339  INFO 5724 --- [           main] s.c.a.AnnotationConfigApplicationContext : Closing org.springframework.context.annotation.AnnotationConfigApplicationContext@73173f63: startup date [Mon Nov 19 13:31:07 CST 2018]; root of context hierarchy
2018-11-19 13:31:12.340 ERROR 5724 --- [           main] o.s.test.context.TestContextManager      : Caught exception while allowing TestExecutionListener [org.springframework.boot.test.autoconfigure.SpringBootDependencyInjectionTestExecutionListener@7dc222ae] to prepare test instance [com.shein.SocketServerApplicationTests@71d15f18]

java.lang.IllegalStateException: Failed to load ApplicationContext
	at org.springframework.test.context.cache.DefaultCacheAwareContextLoaderDelegate.loadContext(DefaultCacheAwareContextLoaderDelegate.java:124) ~[spring-test-4.3.20.RELEASE.jar:4.3.20.RELEASE]
	at org.springframework.test.context.support.DefaultTestContext.getApplicationContext(DefaultTestContext.java:83) ~[spring-test-4.3.20.RELEASE.jar:4.3.20.RELEASE]
	at org.springframework.test.context.support.DependencyInjectionTestExecutionListener.injectDependencies(DependencyInjectionTestExecutionListener.java:117) ~[spring-test-4.3.20.RELEASE.jar:4.3.20.RELEASE]
	at org.springframework.test.context.support.DependencyInjectionTestExecutionListener.prepareTestInstance(DependencyInjectionTestExecutionListener.java:83) ~[spring-test-4.3.20.RELEASE.jar:4.3.20.RELEASE]
	at org.springframework.boot.test.autoconfigure.SpringBootDependencyInjectionTestExecutionListener.prepareTestInstance(SpringBootDependencyInjectionTestExecutionListener.java:44) ~[spring-boot-test-autoconfigure-1.5.17.RELEASE.jar:1.5.17.RELEASE]
	at org.springframework.test.context.TestContextManager.prepareTestInstance(TestContextManager.java:230) ~[spring-test-4.3.20.RELEASE.jar:4.3.20.RELEASE]
	at org.springframework.test.context.junit4.SpringJUnit4ClassRunner.createTest(SpringJUnit4ClassRunner.java:228) [spring-test-4.3.20.RELEASE.jar:4.3.20.RELEASE]
	at org.springframework.test.context.junit4.SpringJUnit4ClassRunner$1.runReflectiveCall(SpringJUnit4ClassRunner.java:287) [spring-test-4.3.20.RELEASE.jar:4.3.20.RELEASE]
	at org.junit.internal.runners.model.ReflectiveCallable.run(ReflectiveCallable.java:12) [junit-4.12.jar:4.12]
	at org.springframework.test.context.junit4.SpringJUnit4ClassRunner.methodBlock(SpringJUnit4ClassRunner.java:289) [spring-test-4.3.20.RELEASE.jar:4.3.20.RELEASE]
	at org.springframework.test.context.junit4.SpringJUnit4ClassRunner.runChild(SpringJUnit4ClassRunner.java:247) [spring-test-4.3.20.RELEASE.jar:4.3.20.RELEASE]
	at org.springframework.test.context.junit4.SpringJUnit4ClassRunner.runChild(SpringJUnit4ClassRunner.java:94) [spring-test-4.3.20.RELEASE.jar:4.3.20.RELEASE]
	at org.junit.runners.ParentRunner$3.run(ParentRunner.java:290) [junit-4.12.jar:4.12]
	at org.junit.runners.ParentRunner$1.schedule(ParentRunner.java:71) [junit-4.12.jar:4.12]
	at org.junit.runners.ParentRunner.runChildren(ParentRunner.java:288) [junit-4.12.jar:4.12]
	at org.junit.runners.ParentRunner.access$000(ParentRunner.java:58) [junit-4.12.jar:4.12]
	at org.junit.runners.ParentRunner$2.evaluate(ParentRunner.java:268) [junit-4.12.jar:4.12]
	at org.springframework.test.context.junit4.statements.RunBeforeTestClassCallbacks.evaluate(RunBeforeTestClassCallbacks.java:61) [spring-test-4.3.20.RELEASE.jar:4.3.20.RELEASE]
	at org.springframework.test.context.junit4.statements.RunAfterTestClassCallbacks.evaluate(RunAfterTestClassCallbacks.java:70) [spring-test-4.3.20.RELEASE.jar:4.3.20.RELEASE]
	at org.junit.runners.ParentRunner.run(ParentRunner.java:363) [junit-4.12.jar:4.12]
	at org.springframework.test.context.junit4.SpringJUnit4ClassRunner.run(SpringJUnit4ClassRunner.java:191) [spring-test-4.3.20.RELEASE.jar:4.3.20.RELEASE]
	at org.apache.maven.surefire.junit4.JUnit4Provider.execute(JUnit4Provider.java:283) [surefire-junit4-2.18.1.jar:2.18.1]
	at org.apache.maven.surefire.junit4.JUnit4Provider.executeWithRerun(JUnit4Provider.java:173) [surefire-junit4-2.18.1.jar:2.18.1]
	at org.apache.maven.surefire.junit4.JUnit4Provider.executeTestSet(JUnit4Provider.java:153) [surefire-junit4-2.18.1.jar:2.18.1]
	at org.apache.maven.surefire.junit4.JUnit4Provider.invoke(JUnit4Provider.java:128) [surefire-junit4-2.18.1.jar:2.18.1]
	at org.apache.maven.surefire.booter.ForkedBooter.invokeProviderInSameClassLoader(ForkedBooter.java:203) [surefire-booter-2.18.1.jar:2.18.1]
	at org.apache.maven.surefire.booter.ForkedBooter.runSuitesInProcess(ForkedBooter.java:155) [surefire-booter-2.18.1.jar:2.18.1]
	at org.apache.maven.surefire.booter.ForkedBooter.main(ForkedBooter.java:103) [surefire-booter-2.18.1.jar:2.18.1]
Caused by: java.lang.IllegalStateException: Failed to execute CommandLineRunner
	at org.springframework.boot.SpringApplication.callRunner(SpringApplication.java:735) ~[spring-boot-1.5.17.RELEASE.jar:1.5.17.RELEASE]
	at org.springframework.boot.SpringApplication.callRunners(SpringApplication.java:716) ~[spring-boot-1.5.17.RELEASE.jar:1.5.17.RELEASE]
	at org.springframework.boot.SpringApplication.afterRefresh(SpringApplication.java:703) ~[spring-boot-1.5.17.RELEASE.jar:1.5.17.RELEASE]
	at org.springframework.boot.SpringApplication.run(SpringApplication.java:304) ~[spring-boot-1.5.17.RELEASE.jar:1.5.17.RELEASE]
	at org.springframework.boot.test.context.SpringBootContextLoader.loadContext(SpringBootContextLoader.java:121) ~[spring-boot-test-1.5.17.RELEASE.jar:1.5.17.RELEASE]
	at org.springframework.test.context.cache.DefaultCacheAwareContextLoaderDelegate.loadContextInternal(DefaultCacheAwareContextLoaderDelegate.java:98) ~[spring-test-4.3.20.RELEASE.jar:4.3.20.RELEASE]
	at org.springframework.test.context.cache.DefaultCacheAwareContextLoaderDelegate.loadContext(DefaultCacheAwareContextLoaderDelegate.java:116) ~[spring-test-4.3.20.RELEASE.jar:4.3.20.RELEASE]
	... 27 common frames omitted
Caused by: java.net.BindException: Address already in use: bind
	at sun.nio.ch.Net.bind0(Native Method) ~[na:1.8.0_191]
	at sun.nio.ch.Net.bind(Net.java:433) ~[na:1.8.0_191]
	at sun.nio.ch.Net.bind(Net.java:425) ~[na:1.8.0_191]
	at sun.nio.ch.ServerSocketChannelImpl.bind(ServerSocketChannelImpl.java:223) ~[na:1.8.0_191]
	at io.netty.channel.socket.nio.NioServerSocketChannel.doBind(NioServerSocketChannel.java:127) ~[netty-all-4.1.5.Final.jar:4.1.5.Final]
	at io.netty.channel.AbstractChannel$AbstractUnsafe.bind(AbstractChannel.java:554) ~[netty-all-4.1.5.Final.jar:4.1.5.Final]
	at io.netty.channel.DefaultChannelPipeline$HeadContext.bind(DefaultChannelPipeline.java:1258) ~[netty-all-4.1.5.Final.jar:4.1.5.Final]
	at io.netty.channel.AbstractChannelHandlerContext.invokeBind(AbstractChannelHandlerContext.java:511) ~[netty-all-4.1.5.Final.jar:4.1.5.Final]
	at io.netty.channel.AbstractChannelHandlerContext.bind(AbstractChannelHandlerContext.java:496) ~[netty-all-4.1.5.Final.jar:4.1.5.Final]
	at io.netty.channel.DefaultChannelPipeline.bind(DefaultChannelPipeline.java:980) ~[netty-all-4.1.5.Final.jar:4.1.5.Final]
	at io.netty.channel.AbstractChannel.bind(AbstractChannel.java:250) ~[netty-all-4.1.5.Final.jar:4.1.5.Final]
	at io.netty.bootstrap.AbstractBootstrap$2.run(AbstractBootstrap.java:363) ~[netty-all-4.1.5.Final.jar:4.1.5.Final]
	at io.netty.util.concurrent.AbstractEventExecutor.safeExecute(AbstractEventExecutor.java:163) ~[netty-all-4.1.5.Final.jar:4.1.5.Final]
	at io.netty.util.concurrent.SingleThreadEventExecutor.runAllTasks(SingleThreadEventExecutor.java:418) ~[netty-all-4.1.5.Final.jar:4.1.5.Final]
	at io.netty.channel.nio.NioEventLoop.run(NioEventLoop.java:440) ~[netty-all-4.1.5.Final.jar:4.1.5.Final]
	at io.netty.util.concurrent.SingleThreadEventExecutor$5.run(SingleThreadEventExecutor.java:873) ~[netty-all-4.1.5.Final.jar:4.1.5.Final]
	at io.netty.util.concurrent.DefaultThreadFactory$DefaultRunnableDecorator.run(DefaultThreadFactory.java:144) ~[netty-all-4.1.5.Final.jar:4.1.5.Final]
	at java.lang.Thread.run(Thread.java:748) ~[na:1.8.0_191]

]]></system-out>
  </testcase>
</testsuite>